make.exe all --print-data-base --no-builtin-variables --no-builtin-rules --question
# GNU Make 4.3
# Built for Windows32
# Copyright (C) 1988-2020 Free Software Foundation, Inc.
# License GPLv3+: GNU GPL version 3 or later <http://gnu.org/licenses/gpl.html>
# This is free software: you are free to change and redistribute it.
# There is NO WARRANTY, to the extent permitted by law.
 

# Make data base, printed on Mon Mar 14 15:49:49 2022

# Variables

# environment
SYSTEMDRIVE = C:
# makefile (from 'Makefile', line 84)
AS = $(PREFIX)gcc -x assembler-with-cpp
# makefile (from 'Makefile', line 150)
LIBDIR = 
# environment
LC_ALL = C
# environment
USERPROFILE = C:\Users\Mike
# environment
VBOX_MSI_INSTALL_PATH = C:\Program Files\Oracle\VirtualBox\
# environment
LOCALAPPDATA = C:\Users\Mike\AppData\Local
# environment
VSCODE_IPC_HOOK_EXTHOST = \\.\pipe\vscode-ipc-78524b95-b527-4f0b-bd32-0ee869850fe2-sock
# environment
VSCODE_CWD = C:\WINDOWS\system32
# environment
CHOCOLATEYINSTALL = C:\ProgramData\chocolatey
# environment
SYSTEMROOT = C:\WINDOWS
# makefile (from 'Makefile', line 149)
LIBS = -lc -lm -lnosys 
# makefile (from 'Makefile', line 120)
C_INCLUDES = -ICore/Inc -IDrivers/STM32F7xx_HAL_Driver/Inc -IDrivers/STM32F7xx_HAL_Driver/Inc/Legacy -IDrivers/CMSIS/Device/ST/STM32F7xx/Include -IDrivers/CMSIS/Include
# environment
PROCESSOR_LEVEL = 6
# makefile (from 'Makefile', line 86)
SZ = $(PREFIX)size
# environment
PSMODULEPATH = C:\Program Files\WindowsPowerShell\Modules;C:\WINDOWS\system32\WindowsPowerShell\v1.0\Modules
# default
MAKE_COMMAND := C:/ProgramData/chocolatey/lib/make/tools/install/bin/make.exe
# automatic
@D = $(patsubst %/,%,$(patsubst %\,%,$(dir $@)))
# makefile (from 'Makefile', line 111)
C_DEFS = -DUSE_HAL_DRIVER -DSTM32F767xx
# environment
CHROME_CRASHPAD_PIPE_NAME = \\.\pipe\crashpad_40628_JTNMBZLVKJPDXXSJ
# environment
VSCODE_HANDLES_UNCAUGHT_ERRORS = true
# default
.VARIABLES := 
# automatic
%D = $(patsubst %/,%,$(patsubst %\,%,$(dir $%)))
# automatic
^D = $(patsubst %/,%,$(patsubst %\,%,$(dir $^)))
# environment
VSCODE_LOG_STACK = false
# automatic
%F = $(notdir $%)
# environment
VSCODE_CODE_CACHE_PATH = C:\Users\Mike\AppData\Roaming\Code\CachedData\899d46d82c4c95423fb7e10e68eba52050e30ba3
# makefile (from 'Makefile', line 108)
AS_DEFS = 
# environment
LANG = C
# environment
OMP_NUM_THREADS = 16
# default
.LOADED := 
# environment
TMP = C:\Users\Mike\AppData\Local\Temp
# default
.INCLUDE_DIRS = .
# environment
PROCESSOR_ARCHITEW6432 = AMD64
# makefile
MAKEFLAGS = pqrR
# environment
ONEDRIVE = C:\Users\Mike\OneDrive
# makefile
CURDIR := e:/Projects/STM32/f767zit6_laser
# environment
VSCODE_PIPE_LOGGING = true
# makefile (from 'Makefile', line 88)
HEX = $(CP) -O ihex
# environment
APPLICATION_INSIGHTS_NO_DIAGNOSTIC_CHANNEL = true
# makefile (from 'Makefile', line 146)
LDSCRIPT = STM32F767ZITx_FLASH.ld
# automatic
*D = $(patsubst %/,%,$(patsubst %\,%,$(dir $*)))
# environment
PROGRAMFILES = C:\Program Files (x86)
# environment
MFLAGS = -pqrR
# default
.SHELLFLAGS := -c
# environment
COMMONPROGRAMW6432 = C:\Program Files\Common Files
# automatic
+D = $(patsubst %/,%,$(patsubst %\,%,$(dir $+)))
# makefile (from 'build/system_stm32f7xx.d', line 1)
MAKEFILE_LIST := Makefile build/dac.d build/gpio.d build/main.d build/startup_stm32f767xx.d build/stm32f7xx_hal.d build/stm32f7xx_hal_cortex.d build/stm32f7xx_hal_dac.d build/stm32f7xx_hal_dac_ex.d build/stm32f7xx_hal_dma.d build/stm32f7xx_hal_dma_ex.d build/stm32f7xx_hal_exti.d build/stm32f7xx_hal_flash.d build/stm32f7xx_hal_flash_ex.d build/stm32f7xx_hal_gpio.d build/stm32f7xx_hal_i2c.d build/stm32f7xx_hal_i2c_ex.d build/stm32f7xx_hal_msp.d build/stm32f7xx_hal_pwr.d build/stm32f7xx_hal_pwr_ex.d build/stm32f7xx_hal_rcc.d build/stm32f7xx_hal_rcc_ex.d build/stm32f7xx_hal_tim.d build/stm32f7xx_hal_tim_ex.d build/stm32f7xx_it.d build/system_stm32f7xx.d
# makefile (from 'Makefile', line 129)
ASFLAGS = $(MCU) $(AS_DEFS) $(AS_INCLUDES) $(OPT) -Wal 
l -fdata-sections -ffunction-sections
# automatic
@F = $(notdir $@)
# environment
VSCODE_VERBOSE_LOGGING = true
# environment
VSCODE_PID = 40628
# automatic
?D = $(patsubst %/,%,$(patsubst %\,%,$(dir $?)))
# makefile (from 'Makefile', line 117)
AS_INCLUDES = 
# makefile (from 'Makefile', line 85)
CP = $(PREFIX)objcopy
# automatic
*F = $(notdir $*)
# automatic
<D = $(patsubst %/,%,$(patsubst %\,%,$(dir $<)))
# environment
VSCODE_NLS_CONFIG = {"locale":"pl","availableLanguages":{},"_languagePackSupport":true}
# environment
ONEDRIVECONSUMER = C:\Users\Mike\OneDrive
# default
MAKE_HOST := Windows32
# environment
PROGRAMDATA = C:\ProgramData
# default
SHELL := sh.exe
# environment
HOMEPATH = \Users\Mike
# environment
PLATFORMIO_CALLER = vscode
# default
MAKECMDGOALS := all
# environment
DRIVERDATA = C:\Windows\System32\Drivers\DriverData
# environment
COMSPEC = C:\WINDOWS\system32\cmd.exe
# environment
WINDIR = C:\WINDOWS
# environment
MAKELEVEL := 0
# default
MAKE = $(MAKE_COMMAND)
# environment
PATH = C:\Program Files\Common Files\Oracle\Java\javapath;C:\WINDOWS\system32;C:\WINDOWS;C:\WINDOWS\System32\Wbem;C:\WINDOWS\System32\WindowsPowerShell\v1.0\;C:\WINDOWS\System32\OpenSSH\;C:\Program Files\Microsoft SQL Server\120\Tools\Binn\;C:\Program Files (x86)\GitExtensions\;C:\Program Files (x86)\IVI Foundation\VISA\WinNT\Bin\;C:\Program Files\IVI Foundation\VISA\Win64\Bin\;C:\Program Files (x86)\IVI Foundation\VISA\WinNT\Bin;C;C:\ProgramData\chocolatey\bin;C:\Program Files\Git\cmd;C:\Program Files (x86)\PuTTY\;C:\xpack-openocd-0.11.0-2\bin;C:\Program Files\dotnet\;C:\Program Files\Microsoft VS Code\bin;C:\Program Files (x86)\ZeroTier\One\;C:\Program Files (x86)\STMicroelectronics\STM32 ST-LINK Utility\ST-LINK Utility;C:\MinGW\bin;C:\Users\Mike\AppData\Local\Programs\Python\Python310\Scripts\;C:\Users\Mike\AppData\Local\Programs\Python\Python310\;C:\Program Files (x86)\GNU Arm Embedded Toolchain\10 2021.10\bin;C:\Users\Mike\AppData\Local\Microsoft\WindowsApps;C:\Program Files\Microsoft VS Code\bin
# environment
ZES_ENABLE_SYSMAN = 1
# environment
COMPUTERNAME = DESKTOP-VOL05GC
# default
MAKEFILES := 
# automatic
^F = $(notdir $^)
# makefile (from 'Makefile', line 98)
FPU = -mfpu=fpv5-d16
# makefile (from 'Makefile', line 101)
FLOAT-ABI = -mfloat-abi=hard
# environment
PROMPT = $P$G
# environment
CHOCOLATEYLASTPATHUPDATE = 132819134010780543
# environment
VXIPNPPATH64 = C:\Program Files\IVI Foundation\VISA\
# makefile (from 'Makefile', line 74)
PREFIX = arm-none-eabi-
# environment
LOGONSERVER = \\DESKTOP-VOL05GC
# environment
VSCODE_LOG_NATIVE = false
# environment
USERNAME = Mike
# makefile (from 'Makefile', line 95)
CPU = -mcpu=cortex-m7
# environment
COMMONPROGRAMFILES = C:\Program Files (x86)\Common Files
# automatic
?F = $(notdir $?)
# environment
PROGRAMW6432 = C:\Program Files
# environment
NO_PROXY = 127.0.0.1
# environment
PATHEXT = .COM;.EXE;.BAT;.CMD;.VBS;.VBE;.JS;.JSE;.WSF;.WSH;.MSC
# automatic
+F = $(notdir $+)
# environment
ORIGINAL_XDG_CURRENT_DESKTOP = undefined
# makefile (from 'Makefile', line 164)
OBJECTS = $(addprefix $(BUILD_DIR)/,$(notdir $(C_SOURCES:.c=.o))) $(addprefix $(BUILD_DIR)/,$(notdir $(ASM_SOURCES:.s=.o)))
# environment
USERDOMAIN = DESKTOP-VOL05GC
# 'override' directive
GNUMAKEFLAGS := 
# environment
OS = Windows_NT
# makefile (from 'Makefile', line 25)
OPT = -Og
# environment
PLATFORMIO_PATH = C:\Users\Mike\.platformio\python3;C:\Program Files\Common Files\Oracle\Java\javapath;C:\WINDOWS\system32;C:\WINDOWS;C:\WINDOWS\System32\Wbem;C:\WINDOWS\System32\WindowsPowerShell\v1.0\;C:\WINDOWS\System32 
\OpenSSH\;C:\Program Files\Microsoft SQL Server\120\Tools\Binn\;C:\Program Files (x86)\GitExtensions\;C:\Program Files (x86)\IVI Foundation\VISA\WinNT\Bin\;C:\Program Files\IVI Foundation\VISA\Win64\Bin\;C:\Program Files (x86)\IVI Foundation\VISA\WinNT\Bin;C;C:\ProgramData\chocolatey\bin;C:\Program Files\Git\cmd;C:\Program Files (x86)\PuTTY\;C:\xpack-openocd-0.11.0-2\bin;C:\Program Files\dotnet\;C:\Program Files\Microsoft VS Code\bin;C:\Program Files (x86)\ZeroTier\One\;C:\Program Files (x86)\STMicroelectronics\STM32 ST-LINK Utility\ST-LINK Utility;C:\MinGW\bin;C:\Users\Mike\AppData\Local\Programs\Python\Python310\Scripts\;C:\Users\Mike\AppData\Local\Programs\Python\Python310\;C:\Program Files (x86)\GNU Arm Embedded Toolchain\10 2021.10\bin;C:\Users\Mike\AppData\Local\Microsoft\WindowsApps;C:\Program Files\Microsoft VS Code\bin;C:\Program Files\Common Files\Oracle\Java\javapath;C:\WINDOWS\system32;C:\WINDOWS;C:\WINDOWS\System32\Wbem;C:\WINDOWS\System32\WindowsPowerShell\v1.0\;C:\WINDOWS\System32\OpenSSH\;C:\Program Files\Microsoft SQL Server\120\Tools\Binn\;C:\Program Files (x86)\GitExtensions\;C:\Program Files (x86)\IVI Foundation\VISA\WinNT\Bin\;C:\Program Files\IVI Foundation\VISA\Win64\Bin\;C:\Program Files (x86)\IVI Foundation\VISA\WinNT\Bin;C;C:\ProgramData\chocolatey\bin;C:\Program Files\Git\cmd;C:\Program Files (x86)\PuTTY\;C:\xpack-openocd-0.11.0-2\bin;C:\Program Files\dotnet\;C:\Program Files\Microsoft VS Code\bin;C:\Program Files (x86)\ZeroTier\One\;C:\Program Files (x86)\STMicroelectronics\STM32 ST-LINK Utility\ST-LINK Utility;C:\MinGW\bin;C:\Users\Mike\AppData\Local\Programs\Python\Python310\Scripts\;C:\Users\Mike\AppData\Local\Programs\Python\Python310\;C:\Program Files (x86)\GNU Arm Embedded Toolchain\10 2021.10\bin;C:\Users\Mike\AppData\Local\Microsoft\WindowsApps;C:\Program Files\Microsoft VS Code\bin
# makefile
.DEFAULT_GOAL := all
# default
MAKE_VERSION := 4.3
# environment
PROGRAMFILES(X86) = C:\Program Files (x86)
# makefile (from 'Makefile', line 151)
LDFLAGS = $(MCU) -specs=nano.specs -T$(LDSCRIPT) $(LIBDIR) $(LIBS) -Wl,-Map=$(BUILD_DIR)/$(TARGET).map,--cref -Wl,--gc-sections
# environment
USERDOMAIN_ROAMINGPROFILE = DESKTOP-VOL05GC
# makefile (from 'Makefile', line 104)
MCU = $(CPU) -mthumb $(FPU) $(FLOAT-ABI)
# environment
NUMBER_OF_PROCESSORS = 16
# environment
PUBLIC = C:\Users\Public
# environment
MOZ_PLUGIN_PATH = C:\Program Files (x86)\Foxit Software\Foxit PDF Reader\plugins\
# makefile (from 'Makefile', line 89)
BIN = $(CP) -O binary -S
# environment
APPDATA = C:\Users\Mike\AppData\Roaming
# makefile (from 'Makefile', line 139)
CFLAGS = $(MCU) $(C_DEFS) $(C_INCLUDES) $(OPT) -Wall -fdata-sections -ffunction-sections -g -gdwarf-2 -MMD -MP -MF"$(@:%.o=%.d)"
# environment
HOMEDRIVE = C:
# environment
PROCESSOR_ARCHITECTURE = x86
# environment
VSCODE_AMD_ENTRYPOINT = vs/workbench/services/extensions/node/extensionHostProcess
# makefile (from 'Makefile', line 32)
BUILD_DIR = build
# environment
PLATFORMIO_IDE = 2.4.2
# environment
VXIPNPPATH = C:\Program Files (x86)\IVI Foundation\VISA\
# environment
COMMONPROGRAMFILES(X86) = C:\Program Files (x86)\Common Files
# environment
ELECTRON_RUN_AS_NODE = 1
# environment
TEMP = C:\Users\Mike\AppData\Local\Temp
# environment
VSCODE_IPC_HOOK = \\.\pipe\7ce818e2191f967bf5ed124cf88628ff-1.63.2-main-sock
# default
.RECIPEPREFIX := 
# automatic
<F = $(notdir $<)
# makefile (from 'Makefile', line 38)
C_SOURCES = Core/Src/main.c Core/Src/gpio.c Core/Src/dac.c Core/Src/stm32f7xx_it.c Core/Src/stm32f7xx_hal_msp.c Drivers/STM32F7xx_HAL_Driver/Src/stm32f7xx_hal_cortex.c Drivers/STM32F7xx_HAL_Driver/Src/stm32f7xx_hal_dac.c Drivers/STM32F7xx_HAL_Driver/Src/stm32f7xx_hal_dac_ex.c Drivers/STM32F7xx_HAL_Driver/Src/stm32f7xx_hal_rcc.c Drivers/STM32F7xx_HAL_Driver/Src/stm32f7xx_hal_rcc_ex.c Drivers/STM32F7xx_HAL_Driver/Src/stm32f7xx_hal_flash.c Drivers/STM32F7xx_HAL_Driver/Src/stm32f7xx_hal_flash_ex.c Drivers/STM32F7xx_HAL_Driver/Src/stm32f7xx_hal_gpio.c Drivers/STM32F7xx_HAL_Driver/Src/stm32f7xx_hal_dma.c Drivers/STM32F7xx_HAL_Driver/Src/stm32f7xx_hal_dma_ex.c Drivers/STM32F7xx_HAL_Driver/Src/stm32f7xx_hal_pwr.c Drivers/STM32F7xx_HAL_Driver/Src/stm32f7xx_hal_pwr_ex.c Drivers/STM32F7xx_HAL_Driver/Src/stm32f7xx_hal.c Drivers/STM32F7xx_HAL_Driver/Src/stm32f7xx_hal_i2c.c Drivers/STM32F7xx_HAL_Driver/Src/stm32f7xx_hal_i2c_ex.c Drivers/STM32F7xx_HAL_Driver/Src/stm32f7xx_hal_exti.c Drivers/STM32F7xx_HAL_Driver/Src/stm32f7xx_hal_tim.c Drivers/STM32F7xx_HAL_Driver/Src/stm32f7xx_hal_tim_ex.c Core/Src/system_stm32f7xx.c Core/Src/dma.c Core/Src/tim.c
# default
SUFFIXES := 
# environment
ALLUSERSPROFILE = C:\ProgramData
# makefile (from 'Makefile', line 16)
TARGET = f767zit6_laser
# environment
XDG_CACHE_HOME = C:\Users\Mike\.cache
# environment
SESSIONNAME = Console
# makefile (from 'Makefile', line 67)
ASM_SOURCES = startup_stm32f767xx.s
# makefile (from 'Makefile', line 23)
DEBUG = 1
# default
.FEATURES := target-specific order-only second-expansion else-if shortest-stem undefine oneshell nocomment grouped-target extra-prereqs archives jobserver output-sync load
# environment
PROCESSOR_REVISION = 9e0d
# makefile (from 'Makefile', line 83)
CC = $(PREFIX)gcc
# environment
PROCESSOR_IDENTIFIER = Intel64 Family 6 Model 158 Stepping 13, GenuineIntel
# variable set hash-table stats:
# Load=134/1024=13%, Rehash=0, Collisions=19/260=7%

# Pattern-specific Variable Values

# No pattern-specific variable values.

# Directories

# build (key e:/Projects/STM32/f767zit6_laser/build, mtime 1646332142): 80 files, no impossibilities.
# . (key e:/Projects/STM32/f767zit6_laser, mtime 1647269355): 14 files 
, no impossibilities.
# Core/Src (key e:/Projects/STM32/f767zit6_laser/Core/Src, mtime 1647269353): No files, no impossibilities so far.
# Drivers/STM32F7xx_HAL_Driver/Src (key e:/Projects/STM32/f767zit6_laser/Drivers/STM32F7xx_HAL_Driver/Src, mtime 1646330861): No files, no impossibilities so far.

# 94 files, no impossibilities in 4 directories.

# Implicit Rules

build/%.o: %.c Makefile | build
#  recipe to execute (from 'Makefile', line 168):
	$(CC) -c $(CFLAGS) -Wa,-a,-ad,-alms=$(BUILD_DIR)/$(notdir $(<:.c=.lst)) $< -o $@

build/%.o: %.s Makefile | build
#  recipe to execute (from 'Makefile', line 171):
	$(AS) -c $(CFLAGS) $< -o $@

build/%.hex: build/%.elf | build
#  recipe to execute (from 'Makefile', line 178):
	$(HEX) $< $@
	

build/%.bin: build/%.elf | build
#  recipe to execute (from 'Makefile', line 181):
	$(BIN) $< $@	
	

# 4 implicit rules, 0 (0.0%) terminal.
# Files

# Not a target:
build/stm32f7xx_hal_pwr_ex.d:
#  Implicit rule search has been done.
#  Last modified 2022-03-03 19:12:31
#  File has been updated.
#  Successfully updated.

# Not a target:
startup_stm32f767xx.s:
#  Implicit rule search has not been done.
#  Modification time never checked.
#  File has not been updated.

build/system_stm32f7xx.o: Core/Src/system_stm32f7xx.c Drivers/CMSIS/Device/ST/STM32F7xx/Include/stm32f7xx.h Drivers/CMSIS/Device/ST/STM32F7xx/Include/stm32f767xx.h Drivers/CMSIS/Include/core_cm7.h Drivers/CMSIS/Include/cmsis_version.h Drivers/CMSIS/Include/cmsis_compiler.h Drivers/CMSIS/Include/cmsis_gcc.h Drivers/CMSIS/Include/mpu_armv7.h Drivers/CMSIS/Device/ST/STM32F7xx/Include/system_stm32f7xx.h Drivers/STM32F7xx_HAL_Driver/Inc/stm32f7xx_hal.h Core/Inc/stm32f7xx_hal_conf.h Drivers/STM32F7xx_HAL_Driver/Inc/stm32f7xx_hal_rcc.h Drivers/STM32F7xx_HAL_Driver/Inc/stm32f7xx_hal_def.h Drivers/STM32F7xx_HAL_Driver/Inc/Legacy/stm32_hal_legacy.h Drivers/STM32F7xx_HAL_Driver/Inc/stm32f7xx_hal_rcc_ex.h Drivers/STM32F7xx_HAL_Driver/Inc/stm32f7xx_hal_exti.h Drivers/STM32F7xx_HAL_Driver/Inc/stm32f7xx_hal_gpio.h Drivers/STM32F7xx_H 
AL_Driver/Inc/stm32f7xx_hal_gpio_ex.h Drivers/STM32F7xx_HAL_Driver/Inc/stm32f7xx_hal_dma.h Drivers/STM32F7xx_HAL_Driver/Inc/stm32f7xx_hal_dma_ex.h Drivers/STM32F7xx_HAL_Driver/Inc/stm32f7xx_hal_cortex.h Drivers/STM32F7xx_HAL_Driver/Inc/stm32f7xx_hal_dac.h Drivers/STM32F7xx_HAL_Driver/Inc/stm32f7xx_hal_dac_ex.h Drivers/STM32F7xx_HAL_Driver/Inc/stm32f7xx_hal_flash.h Drivers/STM32F7xx_HAL_Driver/Inc/stm32f7xx_hal_flash_ex.h Drivers/STM32F7xx_HAL_Driver/Inc/stm32f7xx_hal_i2c.h Drivers/STM32F7xx_HAL_Driver/Inc/stm32f7xx_hal_i2c_ex.h Drivers/STM32F7xx_HAL_Driver/Inc/stm32f7xx_hal_pwr.h Drivers/STM32F7xx_HAL_Driver/Inc/stm32f7xx_hal_pwr_ex.h
#  Implicit rule search has not been done.
#  Modification time never checked.
#  File has not been updated.

Drivers/STM32F7xx_HAL_Driver/Inc/stm32f7xx_hal_rcc_ex.h:
#  Implicit rule search has been done.
#  Last modified 2022-01-03 20:58:42
#  File has been updated.
#  Successfully updated.

# Not a target:
Drivers/STM32F7xx_HAL_Driver/Src/stm32f7xx_hal_exti.c:
#  Implicit rule search has not been done.
#  Modification time never checked.
#  File has not been updated.

# Not a target:
Drivers/STM32F7xx_HAL_Driver/Src/stm32f7xx_hal_dma_ex.c:
#  Implicit rule search has not been done.
#  Modification time never checked.
#  File has not been updated.

Core/Inc/main.h:
#  Implicit rule search has been done.
#  Last modified 2022-03-14 15:49:13
#  File has been updated.
#  Successfully updated.

Drivers/STM32F7xx_HAL_Driver/Inc/stm32f7xx_hal_flash_ex.h:
#  Implicit rule search has been done.
#  Last modified 2022-01-03 20:58:42
#  File has been updated.
#  Successfully updated.

Drivers/STM32F7xx_HAL_Driver/Inc/stm32f7xx_hal_gpio.h:
#  Implicit rule search has been done.
#  Last modified 2022-01-03 20:58:42
#  File has been updated.
#  Successfully updated.

# Not a target:
Drivers/STM32F7xx_HAL_Driver/Src/stm32f7xx_hal_flash_ex.c:
#  Implicit rule search has not been done.
#  Modification time never checked.
#  File has not been updated.

# Not a target:
build/stm32f7xx_hal_msp.d:
#   
Implicit rule search has been done.
#  Last modified 2022-03-03 19:12:31
#  File has been updated.
#  Successfully updated.

# Not a target:
build/f767zit6_laser.bin:
#  Implicit rule search has not been done.
#  Modification time never checked.
#  File has not been updated.

Drivers/STM32F7xx_HAL_Driver/Inc/stm32f7xx_hal_rcc.h:
#  Implicit rule search has been done.
#  Last modified 2022-01-03 20:58:42
#  File has been updated.
#  Successfully updated.

# Not a target:
build/stm32f7xx_hal_rcc.d:
#  Implicit rule search has been done.
#  Last modified 2022-03-03 19:12:31
#  File has been updated.
#  Successfully updated.

# Not a target:
Drivers/STM32F7xx_HAL_Driver/Src/stm32f7xx_hal_dac.c:
#  Implicit rule search has not been done.
#  Modification time never checked.
#  File has not been updated.

# Not a target:
Drivers/STM32F7xx_HAL_Driver/Src/stm32f7xx_hal_flash.c:
#  Implicit rule search has not been done.
#  Modification time never checked.
#  File has not been updated.

build/stm32f7xx_hal_gpio.o: Drivers/STM32F7xx_HAL_Driver/Src/stm32f7xx_hal_gpio.c Drivers/STM32F7xx_HAL_Driver/Inc/stm32f7xx_hal.h Core/Inc/stm32f7xx_hal_conf.h Drivers/STM32F7xx_HAL_Driver/Inc/stm32f7xx_hal_rcc.h Drivers/STM32F7xx_HAL_Driver/Inc/stm32f7xx_hal_def.h Drivers/CMSIS/Device/ST/STM32F7xx/Include/stm32f7xx.h Drivers/CMSIS/Device/ST/STM32F7xx/Include/stm32f767xx.h Drivers/CMSIS/Include/core_cm7.h Drivers/CMSIS/Include/cmsis_version.h Drivers/CMSIS/Include/cmsis_compiler.h Drivers/CMSIS/Include/cmsis_gcc.h Drivers/CMSIS/Include/mpu_armv7.h Drivers/CMSIS/Device/ST/STM32F7xx/Include/system_stm32f7xx.h Drivers/STM32F7xx_HAL_Driver/Inc/Legacy/stm32_hal_legacy.h Drivers/STM32F7xx_HAL_Driver/Inc/stm32f7xx_hal_rcc_ex.h Drivers/STM32F7xx_HAL_Driver/Inc/stm32f7xx_hal_exti.h Drivers/STM32F7xx_HAL_Driver/Inc/stm32f7xx_hal_gpio.h Drivers/STM32F7xx_HAL_Driver/Inc/stm32f7xx_hal_gpio_ex.h Drivers/STM32F7xx_HAL_Driver/Inc/stm32f7xx_hal_dma.h Drivers/STM32F7xx_HAL_Driver/Inc/stm32f7xx_hal_dma_ex.h Drivers/STM32F7xx_HAL_Driver/Inc/stm32f7xx_hal_cortex.h Drivers/STM32F7xx_HAL_Driver/Inc/stm32f7xx_hal_dac.h Drivers/STM32F7xx_HAL_Driver/Inc/stm32f7xx_hal_dac_ex.h Drivers/STM32F7xx_HAL_Driver/Inc/stm32f7xx_hal_flash.h Drivers/STM32F7xx_HAL_Driver/Inc/stm32f7xx_hal_flash_ex.h Drivers/STM32F7xx_HAL_Driver/Inc/stm32f7xx_hal_i2c.h Drivers/STM32F7xx_HAL_Driver/Inc/stm32f7xx_hal_i2c_ex.h Drivers/STM32F7xx_HAL_Driver/Inc/stm32f7xx_hal_pwr.h Drivers/STM32F7xx_HAL_Driver/Inc/stm32f7xx_hal_pwr_ex.h
#  Implicit rule search has not been done.
#  Modification time nev 
er checked.
#  File has not been updated.

# Not a target:
Drivers/STM32F7xx_HAL_Driver/Src/stm32f7xx_hal_tim_ex.c:
#  Implicit rule search has not been done.
#  Modification time never checked.
#  File has not been updated.

Drivers/STM32F7xx_HAL_Driver/Inc/stm32f7xx_hal_dma_ex.h:
#  Implicit rule search has been done.
#  Last modified 2022-01-03 20:58:42
#  File has been updated.
#  Successfully updated.

# Not a target:
Drivers/STM32F7xx_HAL_Driver/Src/stm32f7xx_hal_cortex.c:
#  Implicit rule search has not been done.
#  Modification time never checked.
#  File has not been updated.

# Not a target:
build/gpio.d:
#  Implicit rule search has been done.
#  Last modified 2022-03-03 19:12:31
#  File has been updated.
#  Successfully updated.

Drivers/CMSIS/Device/ST/STM32F7xx/Include/stm32f767xx.h:
#  Implicit rule search has been done.
#  Last modified 2022-01-03 20:58:42
#  File has been updated.
#  Successfully updated.

Drivers/STM32F7xx_HAL_Driver/Inc/stm32f7xx_hal.h:
#  Implicit rule search has been done.
#  Last modified 2022-01-03 20:58:42
#  File has been updated.
#  Successfully updated.

# Not a target:
Drivers/STM32F7xx_HAL_Driver/Src/stm32f7xx_hal_rcc_ex.c:
#  Implicit rule search has not been done.
#  Modification time never checked.
#  File has not been updated.

# Not a target:
build/stm32f7xx_hal_tim_ex.d:
#  Implicit rule search has been done.
#  Last modified 2022-03-03 19:12:31
#  File has been updated.
#  Successfully updated.

Drivers/STM32F7xx_HAL_Driver/Inc/stm32f7xx_hal_i2c.h:
#  Implicit rule search has been done.
#  Last modified 2022-01-03 20:58:42
#  File has been updated.
#  Successfully updated.

build/stm32f7xx_hal_rcc_ex.o: Drivers/STM32F7xx_HAL_Driver/Src/stm32f7xx_hal_rcc_ex.c Drivers/STM32F7xx_HAL_Driver/Inc/stm32f7xx_hal.h Core/Inc/stm32f7xx_hal_conf.h Drivers/STM32F7xx_HAL_Driver/Inc/stm32f7xx_hal_rcc.h Drivers/STM32F7xx_HAL_Driver/Inc/stm32f7xx_hal_def.h Drivers/CMSIS/Device/ST/STM32F7xx/Include/stm32f7xx.h Drivers/CMSIS/Device/ST/STM32F7xx/Include/stm32f767xx.h Drivers/CMSIS 
/Include/core_cm7.h Drivers/CMSIS/Include/cmsis_version.h Drivers/CMSIS/Include/cmsis_compiler.h Drivers/CMSIS/Include/cmsis_gcc.h Drivers/CMSIS/Include/mpu_armv7.h Drivers/CMSIS/Device/ST/STM32F7xx/Include/system_stm32f7xx.h Drivers/STM32F7xx_HAL_Driver/Inc/Legacy/stm32_hal_legacy.h Drivers/STM32F7xx_HAL_Driver/Inc/stm32f7xx_hal_rcc_ex.h Drivers/STM32F7xx_HAL_Driver/Inc/stm32f7xx_hal_exti.h Drivers/STM32F7xx_HAL_Driver/Inc/stm32f7xx_hal_gpio.h Drivers/STM32F7xx_HAL_Driver/Inc/stm32f7xx_hal_gpio_ex.h Drivers/STM32F7xx_HAL_Driver/Inc/stm32f7xx_hal_dma.h Drivers/STM32F7xx_HAL_Driver/Inc/stm32f7xx_hal_dma_ex.h Drivers/STM32F7xx_HAL_Driver/Inc/stm32f7xx_hal_cortex.h Drivers/STM32F7xx_HAL_Driver/Inc/stm32f7xx_hal_dac.h Drivers/STM32F7xx_HAL_Driver/Inc/stm32f7xx_hal_dac_ex.h Drivers/STM32F7xx_HAL_Driver/Inc/stm32f7xx_hal_flash.h Drivers/STM32F7xx_HAL_Driver/Inc/stm32f7xx_hal_flash_ex.h Drivers/STM32F7xx_HAL_Driver/Inc/stm32f7xx_hal_i2c.h Drivers/STM32F7xx_HAL_Driver/Inc/stm32f7xx_hal_i2c_ex.h Drivers/STM32F7xx_HAL_Driver/Inc/stm32f7xx_hal_pwr.h Drivers/STM32F7xx_HAL_Driver/Inc/stm32f7xx_hal_pwr_ex.h
#  Implicit rule search has not been done.
#  Modification time never checked.
#  File has not been updated.

build/stm32f7xx_hal_rcc.o: Drivers/STM32F7xx_HAL_Driver/Src/stm32f7xx_hal_rcc.c Drivers/STM32F7xx_HAL_Driver/Inc/stm32f7xx_hal.h Core/Inc/stm32f7xx_hal_conf.h Drivers/STM32F7xx_HAL_Driver/Inc/stm32f7xx_hal_rcc.h Drivers/STM32F7xx_HAL_Driver/Inc/stm32f7xx_hal_def.h Drivers/CMSIS/Device/ST/STM32F7xx/Include/stm32f7xx.h Drivers/CMSIS/Device/ST/STM32F7xx/Include/stm32f767xx.h Drivers/CMSIS/Include/core_cm7.h Drivers/CMSIS/Include/cmsis_version.h Drivers/CMSIS/Include/cmsis_compiler.h Drivers/CMSIS/Include/cmsis_gcc.h Drivers/CMSIS/Include/mpu_armv7.h Drivers/CMSIS/Device/ST/STM32F7xx/Include/system_stm32f7xx.h Drivers/STM32F7xx_HAL_Driver/Inc/Legacy/stm32_hal_legacy.h Drivers/STM32F7xx_HAL_Driver/Inc/stm32f7xx_hal_rcc_ex.h Drivers/STM32F7xx_HAL_Driver/Inc/stm32f7xx_hal_exti.h Drivers/STM32F7xx_HAL_Driver/Inc/stm32f7xx_h 
al_gpio.h Drivers/STM32F7xx_HAL_Driver/Inc/stm32f7xx_hal_gpio_ex.h Drivers/STM32F7xx_HAL_Driver/Inc/stm32f7xx_hal_dma.h Drivers/STM32F7xx_HAL_Driver/Inc/stm32f7xx_hal_dma_ex.h Drivers/STM32F7xx_HAL_Driver/Inc/stm32f7xx_hal_cortex.h Drivers/STM32F7xx_HAL_Driver/Inc/stm32f7xx_hal_dac.h Drivers/STM32F7xx_HAL_Driver/Inc/stm32f7xx_hal_dac_ex.h Drivers/STM32F7xx_HAL_Driver/Inc/stm32f7xx_hal_flash.h Drivers/STM32F7xx_HAL_Driver/Inc/stm32f7xx_hal_flash_ex.h Drivers/STM32F7xx_HAL_Driver/Inc/stm32f7xx_hal_i2c.h Drivers/STM32F7xx_HAL_Driver/Inc/stm32f7xx_hal_i2c_ex.h Drivers/STM32F7xx_HAL_Driver/Inc/stm32f7xx_hal_pwr.h Drivers/STM32F7xx_HAL_Driver/Inc/stm32f7xx_hal_pwr_ex.h
#  Implicit rule search has not been done.
#  Modification time never checked.
#  File has not been updated.

build/stm32f7xx_hal_i2c.o: Drivers/STM32F7xx_HAL_Driver/Src/stm32f7xx_hal_i2c.c Drivers/STM32F7xx_HAL_Driver/Inc/stm32f7xx_hal.h Core/Inc/stm32f7xx_hal_conf.h Drivers/STM32F7xx_HAL_Driver/Inc/stm32f7xx_hal_rcc.h Drivers/STM32F7xx_HAL_Driver/Inc/stm32f7xx_hal_def.h Drivers/CMSIS/Device/ST/STM32F7xx/Include/stm32f7xx.h Drivers/CMSIS/Device/ST/STM32F7xx/Include/stm32f767xx.h Drivers/CMSIS/Include/core_cm7.h Drivers/CMSIS/Include/cmsis_version.h Drivers/CMSIS/Include/cmsis_compiler.h Drivers/CMSIS/Include/cmsis_gcc.h Drivers/CMSIS/Include/mpu_armv7.h Drivers/CMSIS/Device/ST/STM32F7xx/Include/system_stm32f7xx.h Drivers/STM32F7xx_HAL_Driver/Inc/Legacy/stm32_hal_legacy.h Drivers/STM32F7xx_HAL_Driver/Inc/stm32f7xx_hal_rcc_ex.h Drivers/STM32F7xx_HAL_Dri 
ver/Inc/stm32f7xx_hal_exti.h Drivers/STM32F7xx_HAL_Driver/Inc/stm32f7xx_hal_gpio.h Drivers/STM32F7xx_HAL_Driver/Inc/stm32f7xx_hal_gpio_ex.h Drivers/STM32F7xx_HAL_Driver/Inc/stm32f7xx_hal_dma.h Drivers/STM32F7xx_HAL_Driver/Inc/stm32f7xx_hal_dma_ex.h Drivers/STM32F7xx_HAL_Driver/Inc/stm32f7xx_hal_cortex.h Drivers/STM32F7xx_HAL_Driver/Inc/stm32f7xx_hal_dac.h Drivers/STM32F7xx_HAL_Driver/Inc/stm32f7xx_hal_dac_ex.h Drivers/STM32F7xx_HAL_Driver/Inc/stm32f7xx_hal_flash.h Drivers/STM32F7xx_HAL_Driver/Inc/stm32f7xx_hal_flash_ex.h Drivers/STM32F7xx_HAL_Driver/Inc/stm32f7xx_hal_i2c.h Drivers/STM32F7xx_HAL_Driver/Inc/stm32f7xx_hal_i2c_ex.h Drivers/STM32F7xx_HAL_Driver/Inc/stm32f7xx_hal_pwr.h Drivers/STM32F7xx_HAL_Driver/Inc/stm32f7xx_hal_pwr_ex.h
#  Implicit rule search has not been done.
#  Modification time never checked.
#  File has not been updated.

Drivers/STM32F7xx_HAL_Driver/Inc/stm32f7xx_hal_gpio_ex.h:
#  Implicit rule search has been done.
#  Last modified 2022-01-03 20:58:42
#  File has been updated.
#  Successfully updated.

build/stm32f7xx_hal_flash.o: Drivers/STM32F7xx_HAL_Driver/Src/stm32f7xx_hal_flash.c Drivers/STM32F7xx_HAL_Driver/Inc/stm32f7xx_hal.h Core/Inc/stm32f7xx_hal_conf.h Drivers/STM32F7xx_HAL_Driver/Inc/stm32f7xx_hal_rcc.h Drivers/STM32F7xx_HAL_Driver/Inc/stm32f7xx_hal_def.h Drivers/CMSIS/Device/ST/STM32F7xx/Include/stm32f7xx.h Drivers/CMSIS/Device/ST/STM32F7xx/Include/stm32f767xx.h Drivers/CMSIS/Include/core_cm7.h Drivers/CMSIS/Include/cmsis_version.h Drivers/CMSIS/Include/cmsis_compiler.h Driver 
s/CMSIS/Include/cmsis_gcc.h Drivers/CMSIS/Include/mpu_armv7.h Drivers/CMSIS/Device/ST/STM32F7xx/Include/system_stm32f7xx.h Drivers/STM32F7xx_HAL_Driver/Inc/Legacy/stm32_hal_legacy.h Drivers/STM32F7xx_HAL_Driver/Inc/stm32f7xx_hal_rcc_ex.h Drivers/STM32F7xx_HAL_Driver/Inc/stm32f7xx_hal_exti.h Drivers/STM32F7xx_HAL_Driver/Inc/stm32f7xx_hal_gpio.h Drivers/STM32F7xx_HAL_Driver/Inc/stm32f7xx_hal_gpio_ex.h Drivers/STM32F7xx_HAL_Driver/Inc/stm32f7xx_hal_dma.h Drivers/STM32F7xx_HAL_Driver/Inc/stm32f7xx_hal_dma_ex.h Drivers/STM32F7xx_HAL_Driver/Inc/stm32f7xx_hal_cortex.h Drivers/STM32F7xx_HAL_Driver/Inc/stm32f7xx_hal_dac.h Drivers/STM32F7xx_HAL_Driver/Inc/stm32f7xx_hal_dac_ex.h Drivers/STM32F7xx_HAL_Driver/Inc/stm32f7xx_hal_flash.h Drivers/STM32F7xx_HAL_Driver/Inc/stm32f7xx_hal_flash_ex.h Drivers/STM32F7xx_HAL_Driver/Inc/stm32f7xx_hal_i2c.h Drivers/STM32F7xx_HAL_Driver/Inc/stm32f7xx_hal_i2c_ex.h Drivers/STM32F7xx_HAL_Driver/Inc/stm32f7xx_hal_pwr.h Drivers/STM32F7xx_HAL_Driver/Inc/stm32f7xx_hal_pwr_ex.h
#  Implicit rule search has not been done.
#  Modification time never checked.
#  File has not been updated.

# Not a target:
Drivers/STM32F7xx_HAL_Driver/Src/stm32f7xx_hal_gpio.c:
#  Implicit rule search has not been done.
#  Modification time never checked.
#  File has not been updated.

# Not a target:
Makefile:
#  Implicit rule search has been done.
#  Last modified 2022-03-14 15:49:14
#  File has been updated.
#  Successfully updated.

Drivers/STM32F7xx_HAL_Driver/Inc/stm32f7xx_hal_dac_ex.h:
#  Implicit rule search has been done.
#  Last modified 2022-01-03 20:58:42
#  File has been updated.
#  Successfully updated.

Drivers/STM32F7xx_HAL_Driver/Inc/stm32f7xx_hal_pwr.h:
#  Implicit rule search has been done.
#  Last modified 2022-01-03 20:58:42
#  File has been updated.
#  Successfully updated.

build/stm32f7xx_it.o: Core/Src/stm32f7xx_it.c Core/Inc/main.h Drivers/STM32F7xx_HAL_Driver/Inc/stm32f7xx_hal.h Core/Inc/stm32f7xx_hal_conf.h Drivers/STM32F7xx_HAL_Driver/Inc/stm32f7xx_hal_rcc.h Drivers/STM32F7xx_HAL_Driver/Inc/s 
tm32f7xx_hal_def.h Drivers/CMSIS/Device/ST/STM32F7xx/Include/stm32f7xx.h Drivers/CMSIS/Device/ST/STM32F7xx/Include/stm32f767xx.h Drivers/CMSIS/Include/core_cm7.h Drivers/CMSIS/Include/cmsis_version.h Drivers/CMSIS/Include/cmsis_compiler.h Drivers/CMSIS/Include/cmsis_gcc.h Drivers/CMSIS/Include/mpu_armv7.h Drivers/CMSIS/Device/ST/STM32F7xx/Include/system_stm32f7xx.h Drivers/STM32F7xx_HAL_Driver/Inc/Legacy/stm32_hal_legacy.h Drivers/STM32F7xx_HAL_Driver/Inc/stm32f7xx_hal_rcc_ex.h Drivers/STM32F7xx_HAL_Driver/Inc/stm32f7xx_hal_exti.h Drivers/STM32F7xx_HAL_Driver/Inc/stm32f7xx_hal_gpio.h Drivers/STM32F7xx_HAL_Driver/Inc/stm32f7xx_hal_gpio_ex.h Drivers/STM32F7xx_HAL_Driver/Inc/stm32f7xx_hal_dma.h Drivers/STM32F7xx_HAL_Driver/Inc/stm32f7xx_hal_dma_ex.h Drivers/STM32F7xx_HAL_Driver/Inc/stm32f7xx_hal_cortex.h Drivers/STM32F7xx_HAL_Driver/Inc/stm32f7xx_hal_dac.h Drivers/STM32F7xx_HAL_Driver/Inc/stm32f7xx_hal_dac_ex.h Drivers/STM32F7xx_HAL_Driver/Inc/stm32f7xx_hal_flash.h Drivers/STM32F7xx_HAL_Driver/Inc/stm32f7xx_hal_flash_ex.h Drivers/STM32F7xx_HAL_Driver/Inc/stm32f7xx_hal_i2c.h Drivers/STM32F7xx_HAL_Driver/Inc/stm32f7xx_hal_i2c_ex.h Drivers/STM32F7xx_HAL_Driver/Inc/stm32f7xx_hal_pwr.h Drivers/STM32F7xx_HAL_Driver/Inc/stm32f7xx_hal_pwr_ex.h Core/Inc/stm32f7xx_it.h
#  Implicit rule search has not been done.
#  Modification time never checked.
#  File has not been updated.

# Not a target:
Core/Src/stm32f7xx_it.c:
#  Implicit rule search has not been done.
#  Modification time never checked.
#  File has not been updated.

# Not a target:
Core/Src/gpio.c:
#  Implicit rule search has not been done.
#  Modification time never checked.
#  File has not been updated.

# Not a target:
Drivers/STM32F7xx_HAL_Driver/Src/stm32f7xx_hal_rcc.c:
#  Implicit rule search has not been done.
#  Modification time never checked.
#  File has not been updated.

build/stm32f7xx_hal_dac.o: Drivers/STM32F7xx_HAL_Driver/Src/stm32f7xx_hal_dac.c Drivers/STM32F7xx_HAL_Driver/Inc/stm32f7xx_hal.h Core/Inc/stm32f7xx_hal_conf.h Drivers/STM32F7xx_HAL_Driver 
/Inc/stm32f7xx_hal_rcc.h Drivers/STM32F7xx_HAL_Driver/Inc/stm32f7xx_hal_def.h Drivers/CMSIS/Device/ST/STM32F7xx/Include/stm32f7xx.h Drivers/CMSIS/Device/ST/STM32F7xx/Include/stm32f767xx.h Drivers/CMSIS/Include/core_cm7.h Drivers/CMSIS/Include/cmsis_version.h Drivers/CMSIS/Include/cmsis_compiler.h Drivers/CMSIS/Include/cmsis_gcc.h Drivers/CMSIS/Include/mpu_armv7.h Drivers/CMSIS/Device/ST/STM32F7xx/Include/system_stm32f7xx.h Drivers/STM32F7xx_HAL_Driver/Inc/Legacy/stm32_hal_legacy.h Drivers/STM32F7xx_HAL_Driver/Inc/stm32f7xx_hal_rcc_ex.h Drivers/STM32F7xx_HAL_Driver/Inc/stm32f7xx_hal_exti.h Drivers/STM32F7xx_HAL_Driver/Inc/stm32f7xx_hal_gpio.h Drivers/STM32F7xx_HAL_Driver/Inc/stm32f7xx_hal_gpio_ex.h Drivers/STM32F7xx_HAL_Driver/Inc/stm32f7xx_hal_dma.h Drivers/STM32F7xx_HAL_Driver/Inc/stm32f7xx_hal_dma_ex.h Drivers/STM32F7xx_HAL_Driver/Inc/stm32f7xx_hal_cortex.h Drivers/STM32F7xx_HAL_Driver/Inc/stm32f7xx_hal_dac.h Drivers/STM32F7xx_HAL_Driver/Inc/stm32f7xx_hal_dac_ex.h Drivers/STM32F7xx_HAL_Driver/Inc/stm32f7xx_hal_flash.h Drivers/STM32F7xx_HAL_Driver/Inc/stm32f7xx_hal_flash_ex.h Drivers/STM32F7xx_HAL_Driver/Inc/stm32f7xx_hal_i2c.h Drivers/STM32F7xx_HAL_Driver/Inc/stm32f7xx_hal_i2c_ex.h Drivers/STM32F7xx_HAL_Driver/Inc/stm32f7xx_hal_pwr.h Drivers/STM32F7xx_HAL_Driver/Inc/stm32f7xx_hal_pwr_ex.h
#  Implicit rule search has not been done.
#  Modification time never checked.
#  File has not been updated.

build/stm32f7xx_hal_i2c_ex.o: Drivers/STM32F7xx_HAL_Driver/Src/stm32f7xx_hal_i2c_ex.c Drivers/STM32F7xx_HAL_Driver 
/Inc/stm32f7xx_hal.h Core/Inc/stm32f7xx_hal_conf.h Drivers/STM32F7xx_HAL_Driver/Inc/stm32f7xx_hal_rcc.h Drivers/STM32F7xx_HAL_Driver/Inc/stm32f7xx_hal_def.h Drivers/CMSIS/Device/ST/STM32F7xx/Include/stm32f7xx.h Drivers/CMSIS/Device/ST/STM32F7xx/Include/stm32f767xx.h Drivers/CMSIS/Include/core_cm7.h Drivers/CMSIS/Include/cmsis_version.h Drivers/CMSIS/Include/cmsis_compiler.h Drivers/CMSIS/Include/cmsis_gcc.h Drivers/CMSIS/Include/mpu_armv7.h Drivers/CMSIS/Device/ST/STM32F7xx/Include/system_stm32f7xx.h Drivers/STM32F7xx_HAL_Driver/Inc/Legacy/stm32_hal_legacy.h Drivers/STM32F7xx_HAL_Driver/Inc/stm32f7xx_hal_rcc_ex.h Drivers/STM32F7xx_HAL_Driver/Inc/stm32f7xx_hal_exti.h Drivers/STM32F7xx_HAL_Driver/Inc/stm32f7xx_hal_gpio.h Drivers/STM32F7xx_HAL_Driver/Inc/stm32f7xx_hal_gpio_ex.h Drivers/STM32F7xx_HAL_Driver/Inc/stm32f7xx_hal_dma.h Drivers/STM32F7xx_HAL_Driver/Inc/stm32f7xx_hal_dma_ex.h Drivers/STM32F7xx_HAL_Driver/Inc/stm32f7xx_hal_cortex.h Drivers/STM32F7xx_HAL_Driver/Inc/stm32f7xx_hal_dac.h Drivers/STM32F7xx_HAL_Driver/Inc/stm32f7xx_hal_dac_ex.h Drivers/STM32F7xx_HAL_Driver/Inc/stm32f7xx_hal_flash.h Drivers/STM32F7xx_HAL_Driver/Inc/stm32f7xx_hal_flash_ex.h Drivers/STM32F7xx_HAL_Driver/Inc/stm32f7xx_hal_i2c.h Drivers/STM32F7xx_HAL_Driver/Inc/stm32f7xx_hal_i2c_ex.h Drivers/STM32F7xx_HAL_Driver/Inc/stm32f7xx_hal_pwr.h Drivers/STM32F7xx_HAL_Driver/Inc/stm32f7xx_hal_pwr_ex.h
#  Implicit rule search has not been done.
#  Modification time never checked.
#  File has not been updated.

build/startup_stm32f767xx.o: startup_stm32f767xx.s
#  Implicit rule search has not been done.
#  Modification time never checked.
#  File has not been updated.

# Not a target:
Drivers/STM32F7xx_HAL_Driver/Src/stm32f7xx_hal_i2c_ex.c:
#  Implicit rule search has not been done.
#  Modification time never checked.
#  File has not been updated.

clean:
#  Implicit rule search has not been done.
#  Modification time never checked.
#  File has not been updated.
#  recipe to execute (from 'Makefile', line 190):
	-rm -fR $(BUILD_DIR)

Core/Inc/stm32f7xx_it.h:
#  Implicit rule search has not been done.
#  Modification time never checked.
#  File has not been updated.

# Not a target:
build/stm32f7xx_hal_flash_ex.d:
#  Implicit rule search has been done.
#  Last modified 2022-03-03 19:12:31
#  File has been updated.
#  Successfully updated.

Drivers/CMSIS/Device/ST/STM32F7xx/Include/system_stm32f7xx.h:
#  Implicit rule search has been done.
#  Last modified 2022-01-03 20:58:42
#  File has been updated.
#  Successfully updated.

build/stm32f7xx_hal.o: Drivers/STM32F7xx_HAL_Driver/Src/stm32f7xx_hal.c Drivers/STM32F7xx_HAL_Driver/Inc/stm32f7xx_hal.h Core/Inc/stm32f7xx_hal_conf.h Drivers/STM32F7xx_HAL_Driver/Inc/stm32f7xx_hal_rcc.h Drivers/STM32F7xx_HAL_Driver/Inc/stm32f7xx_hal_def.h Drivers/CMSIS/Device/ST/STM32F7xx/Include/stm32f7xx.h Drivers/CMSIS/Device/ST/STM32F7xx/Include/stm32f767xx.h Drivers/CMSIS/Include/core_cm7.h Drivers/CMSIS/Include/cmsis_version.h Drivers/CMSIS/Include/cmsis_compiler.h Drivers/CMSIS/Include/cmsis_gcc.h Drivers/CMSIS/Include/mpu_armv7.h Drivers/CMSIS/Device/ST/STM32F7xx/Include/system_stm32f7xx.h Drivers/STM32F7xx_HAL_Driver/Inc/Legacy/stm32_hal_legacy.h Drivers/STM32F7xx_HAL_Driver/Inc/stm32f7xx_hal_rcc_ex.h Drivers/STM32F7xx_HAL_Driver/Inc/stm32f7xx_hal_exti.h Drivers/STM32F7xx_HAL_Driver/Inc/stm32f7xx_hal_gpio.h Drivers/STM32F7xx_HAL_Driver/Inc/stm32f7xx_hal_gpio_ex.h Drivers/STM32F7xx_HAL_Driver/Inc/stm32f7xx_hal_dma.h Drivers/STM32F7xx_HAL_Driver/Inc/stm32f7xx_hal_dma_ex.h Drivers/STM32F7xx_HAL_Driver/Inc/stm32f7xx_hal_cortex.h Drivers/STM32F7xx_HAL_Driver/Inc/stm32f7xx_hal_dac.h Drivers/STM32F7xx_HAL_Driver/Inc/stm32f7xx_hal_dac_ex.h Drivers/STM32F7xx_HAL_Driver/Inc/stm32f7xx_hal_flash.h Drivers/STM32F7xx_HAL_Driver/Inc/stm32f7xx_hal_flash_ex.h Drivers/STM32F7xx_HAL_Driver/Inc/stm32f7xx_hal_i2c.h Drivers/STM32F7xx_HAL_Driver/Inc/stm32f7xx_hal_i2c_ex.h Drivers/STM32F7xx_HAL_Driver/Inc/stm32f7xx_hal_pwr.h Drivers/STM32F7xx_HAL_Driver/Inc/stm32f7xx_hal_pwr_ex.h
#  Implicit rule search has not been done.
#  Modification time never checked.
#  File has not been updated.

# Not a target:
build/stm32f7xx_hal_exti.d:
#  Implicit rule search has been done.
#  Last modified 2022-03-03 19:12:31
#  File has been updated.
#  Successfully updated.

Core/Inc/stm32f7xx_hal_conf.h:
#  Implicit rule search has been done.
#  Last modified 2022-03-14 15:49:13
#  File has been updated.
#  Successfully updated.

Drivers/STM32F7xx_HAL_Driver/Inc/stm32f7xx_hal_exti.h:
#  Implicit rule search has been done.
#  Last modified 2022-01-03 20:58:42
#  File ha 
s been updated.
#  Successfully updated.

Drivers/CMSIS/Include/cmsis_compiler.h:
#  Implicit rule search has been done.
#  Last modified 2022-01-03 20:57:59
#  File has been updated.
#  Successfully updated.

# Not a target:
build/system_stm32f7xx.d:
#  Implicit rule search has been done.
#  Last modified 2022-03-03 19:12:31
#  File has been updated.
#  Successfully updated.

# Not a target:
build/stm32f7xx_hal_flash.d:
#  Implicit rule search has been done.
#  Last modified 2022-03-03 19:12:31
#  File has been updated.
#  Successfully updated.

# Not a target:
build/stm32f7xx_hal_dma.d:
#  Implicit rule search has been done.
#  Last modified 2022-03-03 19:12:31
#  File has been updated.
#  Successfully updated.

Drivers/STM32F7xx_HAL_Driver/Inc/stm32f7xx_hal_dma.h:
#  Implicit rule search has been done.
#  Last modified 2022-01-03 20:58:42
#  File has been updated.
#  Successfully updated.

build/f767zit6_laser.elf: build/main.o build/gpio.o build/dac.o build/stm32f7xx_it.o build/stm32f7xx_hal_msp.o build/stm32f7xx_hal_cortex.o build/stm32f7xx_hal_dac.o build/stm32f7xx_hal_dac_ex.o build/stm32f7xx_hal_rcc.o build/stm32f7xx_hal_rcc_ex.o build/stm32f7xx_hal_flash.o build/stm32f7xx_hal_flash_ex.o build/stm32f7xx_hal_gpio.o build/stm32f7xx_hal_dma.o build/stm32f7xx_hal_dma_ex.o build/stm32f7xx_hal_pwr.o build/stm32f7xx_hal_pwr_ex.o build/stm32f7xx_hal.o build/stm32f7xx_hal_i2c.o build/stm32f7xx_hal_i2c_ex.o build/stm32f7xx_hal_exti.o build/stm32f7xx_hal_tim.o build/stm32f7xx_hal_tim_ex.o build/system_stm32f7xx.o build/dma.o build/tim.o build/startup_stm32f767xx.o Makefile
#  Implicit rule search has not been done.
#  Last modified 2022-03-03 19:29:02
#  File has been updated.
#  Needs to be updated (-q is set).
# variable set hash-table stats:
# Load=0/32=0%, Rehash=0, Collisions=0/14=0%
#  recipe to execute (from 'Makefile', line 174):
	$(CC) $(OBJECTS) $(LDFLAGS) -o $@
	$(SZ) $@

build/stm32f7xx_hal_dac_ex.o: Drivers/STM32F7xx_HAL_Driver/Src/stm32f7xx_hal_dac_ex.c Drivers/STM32F7xx_HAL_Driver/Inc/stm32f7xx_hal.h Core/Inc/stm32f7xx_hal_conf.h Drivers/STM32F7xx_HAL_Driver/Inc/stm32f7xx_hal_rcc.h Drivers/STM32F7xx_HAL_Driver/Inc/stm32f7xx_hal_def.h Drivers/CMSIS/Device/ST/STM32F7xx/Include/stm32f7xx.h Drivers/CMSIS/Device/ST/STM32F7xx/Include/stm32f767xx.h Drivers/CMSIS/Include/core_cm7.h Drivers/CMSIS/Include/cmsis_version.h Drivers/CMSIS/Include/cmsis_compiler.h Drivers/CMSIS/Include/cmsis_gcc.h Drivers/CMSIS/Include/mpu_armv7.h Drivers/CMSIS/Device/ST/STM32F7xx/Include/system_stm32f7xx.h Drivers/STM32F7xx_HAL_Driver/Inc/Legacy/stm32_hal_legacy.h Drivers/STM32F7xx_HAL_Driver/Inc/stm32f7xx_hal_rcc_ex.h Drivers/STM32F7xx_HAL_Driver/Inc/stm32f7xx_hal_exti.h Drivers/STM32F7xx_HAL_Driver/Inc/stm32f7xx_hal_gpio.h Drivers/STM32F7xx_HAL_Driver/Inc/stm32f7xx_hal_gpio_ex.h Drivers/STM32F7xx_HAL_Driver/Inc/stm32f7xx_hal_dma.h Drivers/STM32F7xx_HAL_Driver/Inc/stm32f7xx_hal_dma_ex.h Drivers/STM32F7xx_HAL_Driver/Inc/stm32f7xx_hal_cortex.h Drivers/STM32F7xx_HAL_Driver/Inc/stm32f7xx_hal_dac.h Drivers/STM32F7xx_HAL_Driver/Inc/stm32f7xx_hal_dac_ex.h Drivers/STM32F7xx_HAL_Driver/Inc/stm32f7xx_hal_flash.h Drivers/STM32F7xx_HAL_Driver/Inc/stm32f7xx_hal_flash_ex.h Drivers/STM32F7xx_HAL_Driver/Inc/stm32f7xx_hal_i2c.h Drivers/STM32F7xx_HAL_Driver/Inc/stm32f7xx_hal_i2c_ex.h Drivers/STM32F7xx_HAL_Driver/Inc/stm32f7xx_hal_pwr.h Drivers/STM32F7xx_HAL_Driver/Inc/stm32f7xx_hal_pwr_ex.h
#  Implicit rule search has not been done.
#  Modification time never checked.
#  File has not been updated.

# Not a target:
build/stm32f7xx_hal_i2c.d:
#  Implicit r 
ule search has been done.
#  Last modified 2022-03-03 19:12:31
#  File has been updated.
#  Successfully updated.

# Not a target:
build/stm32f7xx_hal_cortex.d:
#  Implicit rule search has been done.
#  Last modified 2022-03-03 19:12:31
#  File has been updated.
#  Successfully updated.

build/stm32f7xx_hal_pwr.o: Drivers/STM32F7xx_HAL_Driver/Src/stm32f7xx_hal_pwr.c Drivers/STM32F7xx_HAL_Driver/Inc/stm32f7xx_hal.h Core/Inc/stm32f7xx_hal_conf.h Drivers/STM32F7xx_HAL_Driver/Inc/stm32f7xx_hal_rcc.h Drivers/STM32F7xx_HAL_Driver/Inc/stm32f7xx_hal_def.h Drivers/CMSIS/Device/ST/STM32F7xx/Include/stm32f7xx.h Drivers/CMSIS/Device/ST/STM32F7xx/Include/stm32f767xx.h Drivers/CMSIS/Include/core_cm7.h Drivers/CMSIS/Include/cmsis_version.h Drivers/CMSIS/Include/cmsis_compiler.h Drivers/CMSIS/Include/cmsis_gcc.h Drivers/CMSIS/Include/mpu_armv7.h Drivers/CMSIS/Device/ST/STM32F7xx/Include/system_stm32f7xx.h Drivers/STM32F7xx_HAL_Driver/Inc/Legacy/stm32_hal_legacy.h Drivers/STM32F7xx_HAL_Driver/Inc/stm32f7xx_hal_rcc_ex.h Drivers/STM32F7xx_HAL_Driver/Inc/stm32f7xx_hal_exti.h Drivers/STM32F7xx_HAL_Driver/Inc/stm32f7xx_hal_gpio.h Drivers/STM32F7xx_HAL_Driver/Inc/stm32f7xx_hal_gpio_ex.h Drivers/STM32F7xx_HAL_Driver/Inc/stm32f7xx_hal_dma.h Drivers/STM32F7xx_HAL_Driver/Inc/stm32f7xx_hal_dma_ex.h Drivers/STM32F7xx_HAL_Driver/Inc/stm32f7xx_hal_cortex.h Drivers/STM32F7xx_HAL_Driver/Inc/stm32f7xx_hal_dac.h Drivers/STM32F7xx_HAL_Driver/Inc/stm32f7xx_hal_dac_ex.h Drivers/STM32F7xx_HAL_Driver/Inc/stm32f7xx_hal_flash.h Drivers/STM32F7xx_HAL_Driver/Inc/stm32f7xx_hal_flash_ex.h Drivers/STM32F7xx_HAL_Driver/Inc/stm32f7xx_hal_i2c.h Drivers/STM32F7xx_HAL_Driver/Inc/stm32f7xx_hal_i2c_ex.h Drivers/STM32F7xx_HAL_Driver/Inc/stm32f7xx_hal_pwr.h Drivers/STM32F7xx_HAL_Driver/Inc/stm32f7xx_hal_pwr_ex.h
#  Implicit rule search has not been done.
#  Modification time never checked.
#  File has not been updated.

# Not a target:
build/stm32f7xx_hal_tim.d:
#  Implicit rule search has been done.
#  Last modified 2022-03-03 19:12:31
#  File has been updated.
#  Successfully updated.

# Not a target:
build/stm32f7xx_it.d:
#  Implicit rule search has been done.
#  Last modified 2022-03-03 19:12:31
#  File has been updated.
#  Successfully updated.

# Not a target:
.DEFAULT:
#  Implicit rule search has not been done.
#  Modification time never checked.
#  File has not been updated.

all: build/f767zit6_laser.elf build/f767zit6_laser.hex build/f767zit6_laser.bin
#  Command line target.
#  Implicit rule search has been done.
#  File does not exist.
#  File has been updated.
#  Needs to be updated (-q is set).
# variable set hash-table stats:
# Load=0/32=0%, Rehash=0, Collisions=0/14=0%

build/stm32f7xx_hal_pwr_ex.o: Drivers/STM32F7xx_HAL_Driver/Src/stm32f7xx_hal_pwr_ex.c Drivers/STM32F7xx_HAL_Driver/Inc/stm32f7xx_hal.h Core/Inc/stm32f7xx_hal_conf.h Drivers/STM32F7xx_HAL_Driver/Inc/stm32f7xx_hal_rcc.h Drivers/STM32F7xx_HAL_Driver/Inc/stm32f7xx_hal_def.h Drivers/CMSIS/Device/ST/STM32F7xx/Include/stm32f7xx.h Drivers/CMSIS/Device/ST/STM32F7xx/Include/stm32f767xx.h Drivers/CMSIS/Include/core_cm7.h Drivers/CMSIS/Include/cmsis_version.h Drivers/CMSIS/Include/cmsis_compiler.h Drivers/CMSIS/Include/cmsis_gcc.h Drivers/CMSIS/Include/mpu_armv7.h Drivers/CMSIS/Device/ST/STM32F7xx/Include/system_stm32f7xx.h Drivers/STM32F7xx_HAL_Driver/Inc/Legacy/stm32_hal_legacy.h Drivers/STM32F7xx_HAL_Driver/Inc/stm32f7xx_hal_rcc_ex.h Drivers/STM32F7xx_HAL_Driver/Inc/stm32f7xx_hal_exti.h Drivers/STM32F7xx_HAL_Driver/Inc/stm32f7xx_hal_gpio.h Drivers/STM32F7xx_HAL_Driver/Inc/stm32f7xx_hal_gpio_ex.h Drivers/STM32F7xx_HAL_Driver/Inc/stm32f7xx_hal_dma.h Drivers/STM32F7xx_HAL_Driver/Inc/stm32f7xx_hal_dma_ex.h Drivers/STM32F7xx_HAL_Driver/Inc/stm32f7xx_hal_cortex.h Drivers/STM32F7xx_HAL_Driver/Inc/stm32f7xx_hal_dac.h Drivers/STM32F7xx_HAL_Driver/Inc/stm32f7xx_hal_dac_ex.h Drivers/STM32F7xx_HAL_Driver/Inc/stm32f7xx_hal_flash.h Drivers/STM32F7xx_HAL_Driver/Inc/stm32f7xx_hal_flash_ex.h Drivers/STM32F7xx_HAL_Driver/Inc/stm32f7xx_hal_i2c.h Drivers/STM32F7xx_HAL_Driver/Inc/stm32f7xx_hal_i2c_ex.h Drivers/STM32F7xx_HAL_Driver/Inc/stm32f7xx_hal_pwr.h Drivers/STM32F7xx_HAL_Driver/Inc/stm32f7xx_hal_pwr_ex.h
#  Implicit rule search has not been done.
#  Modification time never checked.
#  File has not been updated.

build:
#  Implicit rule search has not been done.
#  Last modified 2022-03-03 19:29:02
#  File has been updated.
#  Successfully updated.
#  recipe to execute (from 'Makefile', line 184):
	mkdir $@		

Drivers/CMSIS/Include/mpu_armv7.h:
#  Implicit rule search has been done.
#  Last modified 2022-01-03 20:57:59
#  File has been updated.
#  Successfully updated.

Drivers/CMSIS/Include/core_cm7.h:
#  Implicit rule search has been done.
#  Last modified 2022-01-03 20:57:59
#  File has been updated.
#  Successfully updated.

# Not a target:
build/stm32f7xx_hal.d:
#  Implicit rule search has been done.
#  Last modified 2022-03-03 19:12:31
#  File has been updated.
#  Successfully updated.

# Not a target:
build/stm32f7xx_hal_gpio.d:
#  Implicit rule search has been done.
#  Last modified 2022-03-03 19:12:31
#  File has been updated.
#  Successfully updated.

build/stm32f7xx_hal_flash_ex.o: Drivers/STM32F7xx_HAL_Driver/Src/stm32f7xx_hal_flash_ex.c Drivers/STM32F7xx_HAL_Driver/Inc/stm32f7xx_hal.h Core/Inc/stm32f7xx_hal_conf.h Drivers/STM32F7xx_HAL_Driver/Inc/stm32f7xx_hal_rcc.h Drivers/STM32F7xx_HAL_Driver/Inc/stm32f7xx_hal_def.h Drivers/CMSIS/Device/ST/STM32F7xx/Include/stm32f7xx.h Drivers/CMSIS/Device/ST/STM32F7xx/Include/stm32f767xx.h Drivers/CMSIS/Include/core_cm7.h Drivers/CMSIS/Include/cmsis_version.h Drivers/CMSIS/Include/cmsis_compiler.h Drivers/CMSIS/Include/cmsis_gcc.h Drivers/CMSIS/Include/mpu_armv7.h Drivers/CMSIS/Device/ST/STM32F7xx/Include/system_stm32f7xx.h Drivers/STM32F7xx_HAL_Driver/Inc/Legacy/stm32_hal_legacy.h Drivers/STM32F7xx_HAL_Driver/Inc/stm32f7xx_hal_rcc_ex.h Drivers/STM32F7xx_HAL_Driver/Inc/stm32f7xx_hal_exti.h Drivers/STM32F7xx_HAL_Driver/Inc/stm32f7xx_hal_gpio.h Drivers/STM32F7xx_HAL_Driver/Inc/stm32f7xx_hal_gpio_ex.h Drivers/STM32F7xx_HAL_Driver/Inc/stm32f7xx_hal_dma.h Drivers/STM32F7xx_HAL_Driver 
/Inc/stm32f7xx_hal_dma_ex.h Drivers/STM32F7xx_HAL_Driver/Inc/stm32f7xx_hal_cortex.h Drivers/STM32F7xx_HAL_Driver/Inc/stm32f7xx_hal_dac.h Drivers/STM32F7xx_HAL_Driver/Inc/stm32f7xx_hal_dac_ex.h Drivers/STM32F7xx_HAL_Driver/Inc/stm32f7xx_hal_flash.h Drivers/STM32F7xx_HAL_Driver/Inc/stm32f7xx_hal_flash_ex.h Drivers/STM32F7xx_HAL_Driver/Inc/stm32f7xx_hal_i2c.h Drivers/STM32F7xx_HAL_Driver/Inc/stm32f7xx_hal_i2c_ex.h Drivers/STM32F7xx_HAL_Driver/Inc/stm32f7xx_hal_pwr.h Drivers/STM32F7xx_HAL_Driver/Inc/stm32f7xx_hal_pwr_ex.h
#  Implicit rule search has not been done.
#  Modification time never checked.
#  File has not been updated.

# Not a target:
build/main.d:
#  Implicit rule search has been done.
#  Last modified 2022-03-03 19:29:02
#  File has been updated.
#  Successfully updated.

# Not a target:
build/stm32f7xx_hal_i2c_ex.d:
#  Implicit rule search has been done.
#  Last modified 2022-03-03 19:12:31
#  File has been updated.
#  Successfully updated.

# Not a target:
build/stm32f7xx_hal_dma_ex.d:
#  Implicit rule search has been done.
#  Last modified 2022-03-03 19:12:31
#  File has been updated.
#  Successfully updated.

Drivers/STM32F7xx_HAL_Driver/Inc/stm32f7xx_hal_cortex.h:
#  Implicit rule search has been done.
#  Last modified 2022-01-03 20:58:42
#  File has been updated.
#  Successfully updated.

build/stm32f7xx_hal_dma_ex.o: Drivers/STM32F7xx_HAL_Driver/Src/stm32f7xx_hal_dma_ex.c Drivers/STM32F7xx_HAL_Driver/Inc/stm32f7xx_hal.h Core/Inc/stm32f7xx_hal_conf.h Drivers/STM32F7xx_HAL_Driver/Inc/stm32f7xx_hal_rcc.h Drivers/STM32F7xx_HAL_Driver/Inc/stm32f7xx_hal_def.h Drivers/CMSIS/Device/ST/STM32F7xx/Include/stm32f7xx.h Drivers/CMSIS/Device/ST/STM32F7xx/Include/stm32f767xx.h Drivers/CMSIS/Include/core_cm7.h Drivers/CMSIS/Include/cmsis_version.h Drivers/CMSIS/Include/cmsis_compiler.h Drivers/CMSIS/Include/cmsis_gcc.h Drivers/CMSIS/Include/mpu_armv7.h Drivers/CMSIS/Device/ST/STM32F7xx/Include/system_stm32f7xx.h Drivers/STM32F7xx_HAL_Driver/Inc/Legacy/stm32_hal_legacy.h Drivers/STM32F7xx_HAL_Driver/Inc/stm32f7xx_hal_rcc_ex.h Drivers/STM32F7xx_HAL_Driver/Inc/stm32f7xx_hal_exti.h Drivers/STM32F7xx_HAL_Driver/Inc/stm32f7xx_hal_gpio.h Drivers/STM32F7xx_HAL_Driver/Inc/stm32f7xx_hal_gpio_ex.h Drivers/STM32F7xx_HAL_Driver/Inc/stm32f7xx_hal_dma.h Drivers/STM32F7xx_HAL_Driver/Inc/stm32f7xx_hal_dma_ex.h Drivers/STM32F7xx_HAL_Driver/Inc/stm32f7xx_hal_cortex.h Drivers/STM32F7xx_HAL_Driver/Inc/stm32f7xx_hal_dac.h Drivers/STM32F7xx_HAL_Driver/Inc/stm32f7xx_hal_dac_ex.h Drivers/STM32F7xx_HAL_Driver/Inc/stm32f7xx_hal_flash.h Drivers/STM32F7xx_HAL_Driver/Inc/stm32f7xx_hal_flash_ex.h Drivers/STM32F7xx_HAL_Driver/Inc/stm32f7xx_hal_i2c.h Drivers/STM32F7xx_HAL_Driver/Inc/stm32f7xx_hal_i2c_ex.h Drivers/STM32F7xx_HAL_Driver/Inc/stm32f7xx_hal_pwr.h Drivers/STM32F7xx_HAL_Driver/Inc/stm32f7xx_hal_pwr_ex.h
#  Implicit rule search has not been done.
#  Modification time never checked.
#  File has not been updated.

build/gpio.o: Core/Src/gpio.c Core/Inc/gpio.h Core/Inc/main.h Drivers/STM32F7xx_HAL_Driver/Inc/stm32f7xx_hal.h Core/Inc/stm32f7xx_hal_conf.h Drivers/STM32F7xx_HAL_Driver/Inc/stm32f7xx_hal_rcc.h Drivers/STM32F7xx_HAL_Driver/Inc/stm32f7xx_hal_def.h Drivers/CMSIS/Device/ST/STM32F7xx/Include/stm32f7xx.h Drivers/CMSIS/Device/ST/STM32F7xx/Include/stm32f767xx.h Drivers/CMSIS/Include/core_cm7.h Drivers/CMSIS/Include/cmsis_version.h Drivers/CMSIS/Include/cmsis_compiler.h Drivers/CMSIS/Include/cmsis_gcc.h Drivers/CMSIS/Include/mpu_armv7.h Drivers/CMSIS/Device/ST/STM32F7xx/Include/system_stm32f7xx.h Drivers/STM32F7xx_HAL_Driver/Inc/Legacy/stm32_hal_legacy.h Drivers/STM32F7xx_HAL_Driver/Inc/stm32f7xx_hal_rcc_ex.h Drivers/STM32F7xx_HAL_Driver/Inc/stm32f7xx_hal_exti.h Drivers/STM32F7xx_HAL_Driver/Inc/stm32f7xx_hal_gpio.h Drivers/STM32F7xx_HAL_Driver/Inc/stm32f7xx_hal_gpio_ex.h Drivers/STM32F7xx_HAL_Driver/Inc/stm32f7xx_hal_dma.h Drivers/STM32F7xx_HAL_Driver/Inc/stm32f7xx_hal_dma_ex.h Drivers/STM32F7xx_HAL_Driver/Inc/stm32f7xx_hal_cortex.h Drivers/STM32F7xx_HAL_Driver/Inc/stm32f7xx_hal_dac.h Drivers/STM32F7xx_HAL_Driver/Inc/stm32f7xx_hal_dac_ex.h Drivers/STM32F7xx_HAL_Driver/Inc/stm32f7xx_hal_flash.h Drivers/STM32F7xx_HAL_Driver/Inc/stm32f7xx_hal_flash_ex.h Drivers/STM32F7xx_HAL_Driver/Inc/stm32f7xx_hal_i2c.h Drivers/STM32F7xx_HAL_Driver/Inc/stm32f7xx_hal_i2c_ex.h Drivers/STM32F7xx_HAL_Driver/Inc/stm32f7xx_hal_pwr.h Drivers/STM32F7xx_HAL_Driver/Inc/stm32f7xx_hal_pwr_ex.h
#  Implicit rule search has not been done.
#  Modification time never checked.
#  File has not been updated.

build/stm32f7xx_hal_tim.o: Drivers/STM32F7xx_HAL_Driver/Src/stm32f7xx_hal_tim.c Drivers/STM32F7xx_HAL_Driver/Inc/stm32f7xx_hal.h Core/Inc/stm32f7xx_hal_conf.h Drivers/STM32F7xx_HAL_Driver/Inc/stm32f7xx_hal_rcc.h Drivers/STM32F7xx_HAL_Driver/Inc/stm32f7xx_hal_def.h Drivers/CMSIS/Device/ST/STM32F7xx/Include/stm32f7xx.h Drivers/CMSIS/Device/ST/STM32F7xx/Include/stm32f767xx.h Drivers/CMSIS/Include/core_cm7.h Drivers/CMSIS/Include/cmsis_version.h Drivers/CMSIS/Include/cmsis_compiler.h Drivers/CMSIS/Include/cmsis_gcc.h Drivers/CMSIS/Include/mpu_armv7.h Drivers/CMSIS/Device/ST/STM32F7xx/Include/system_stm32f7xx.h Drivers/STM32F7xx_HAL_Driver/Inc/Legacy/stm32_hal_legacy.h Drivers/STM32F7xx_HAL_Driver/Inc/stm32f7xx_hal_rcc_ex.h Drivers/STM32F7xx_HAL_Driver/Inc/stm32f7xx_hal_exti.h Drivers/STM32F7xx_HAL_Driver/Inc/stm32f7xx_hal_gpio.h Drivers/STM32F7xx_HAL_Driver/Inc/stm32f7xx_hal_gpio_ex.h Drivers/STM32F7xx_HAL_Driver/Inc/stm32f7xx_hal_dma.h Drivers/STM32F7xx_HAL_Driver/Inc/stm32f7xx_hal_dma_ex.h Drivers/STM32F7xx_HAL_Driver/Inc/stm32f7xx_hal_cortex.h Drivers/STM32F7xx_HAL_Driver/Inc/stm32f7xx_hal_dac.h Drivers/STM32F7xx_HAL_Driver/Inc/stm32f7xx_hal_dac_ex.h Drivers/STM32F7xx_HAL_Driver/Inc/stm32f7xx_hal_flash.h Drivers/STM32F7xx_HAL_Driver/Inc/stm32f7xx_hal_flash_ex.h Drivers/STM32F7xx_HAL_Driver/Inc/stm32f7xx_hal_i2c.h Drivers/STM32F7xx_HAL_Driver/Inc/stm32f7xx_hal_i2c_ex.h Drivers/STM32F7xx_HAL_Driver/Inc/stm32f7xx_hal_pwr.h Drivers/STM32F7xx_HAL_Driver/Inc/stm32f7xx_hal_pwr_ex.h
#  Implicit rule search has not been done.
#  Modification time never checked.
#  File has not been updated.

# Not a target:
Core/Src/stm32f7xx_hal_msp.c:
#  Implicit rule search has not been done.
#  Modification time never checked.
#  File has not been updated.

Core/Inc/gpio.h:
#  Implicit rule search has been done.
#  Last modified 2022-03-14 15:49:12
#  File has been updated.
#  Successfully updated.

build/stm32f7xx_hal_cortex.o: Drivers/STM32F7xx_HAL_Driver/Src/stm32f7xx_hal_cortex.c Drivers/STM32F7xx_HAL_Driver/Inc/stm32f7xx_hal.h Core/Inc/stm32f7xx_hal_conf.h Drivers/STM32F7xx_HAL_Driver/Inc/stm32f7xx_hal_rcc.h Drivers/STM32F7xx_HAL_Driver/Inc/stm32f7xx_hal_def.h Drivers/CMSIS/Device/ST/STM32F7xx/Include/stm32f7xx.h Drivers/CMSIS/Device/ST/STM32F7xx/Include/stm32f767xx.h Drivers/CMSIS/Include/core_cm7.h Drivers/CMSIS/Include/cmsis_version.h Drivers/CMSIS/Include/cmsis_compiler.h Drivers/CMSIS/Include/cmsis_gcc.h Drivers/CMSIS/Include/mpu_armv7.h Drivers/CMSIS/Device/ST/STM32F7xx/Include/system_stm32f7xx.h Drivers/STM32F7xx_HAL_Driver/Inc/Legacy/stm32_hal_legacy.h Drivers/STM32F7xx_HAL_Driver/Inc/stm32f7xx_hal_rcc_ex.h Drivers/STM32F7xx_HAL_Driver/Inc/stm32f7xx_hal_exti.h Drivers/STM32F7xx_HAL_Driver/Inc/stm32f7xx_hal_gpio.h Drivers/STM32F7xx_HAL_Driver/Inc/stm32f7xx_hal_gpio_ex.h Drivers/STM32F7xx_HAL_Driver/Inc/stm32f7xx_hal_dma.h Drivers/STM32F7xx_HAL_Driver/Inc/stm32f7xx_hal_dma_ex.h Drivers/STM32F7xx_HAL_Driver/Inc/stm32f7xx_hal_cortex.h Drivers/STM32F7xx_HAL_Driver/Inc/stm32f7xx_hal_dac.h Drivers/STM32F7xx_HAL_Driver/Inc/stm32f7xx_hal_dac_ex.h Drivers/STM32F7xx_HAL_Driver/Inc/stm32f7xx_hal_flash.h Drivers/STM32F7xx_HAL_Driver/Inc/stm32f7xx_hal_flash_ex.h Drivers/STM32F7xx_HAL_Driver/Inc/stm32f7xx_hal_i2c.h Drivers/STM32F7xx_HAL_Driver/Inc/stm32f7xx_hal_i2c_ex.h Drivers/STM32F7xx_HAL_Driver/Inc/stm32f7xx_hal_pwr.h Drivers/STM32F7xx_HAL_Driver/Inc/stm32f7xx_hal_pwr_ex.h
#  Implicit rule search has not been done.
#  Modification time never checked.
#  File has not been updated.

# Not a target:
build/stm32f7xx_hal_dac.d:
#  Implicit rule search has been done.
#  Last modified 2022-03-03 19:12:31
#  File has been updated.
#  Successfully updated.

# Not a target:
build/stm32f7xx_hal_dac_ex.d:
#  Implicit rule search has been done.
#  Last modified 2022-03-03 19:12:31
#  File has been updated.
#  Successfully updated.

# Not a target:
build/stm32f7xx_hal_pwr.d:
#  Implicit rule search has been done.
#  Last modified 2022-03-03 19:12:31
#  File has been updated.
#  Successfully updated.

# Not a target:
Core/Src/main.c:
#  Implicit rule search has been done.
#  Last modified 2022-03-14 15:49:13
#  File has been updated.
#  Successfully updated.

Drivers/STM32F7xx_HAL_Driver/Inc/stm32f7xx_hal_dac.h:
#  Implicit rule search has been done.
#  Last modified 2022-01-03 20:58:42
#  File has been updated.
#  Successfully updated.

build/stm32f7xx_hal_tim_ex.o: Drivers/STM32F7xx_HAL_Driver/Src/stm32f7xx_hal_tim_ex.c Drivers/STM32F7xx_HAL_Driver/Inc/stm32f7xx_hal.h Core/Inc/stm32f7xx_hal_conf.h Drivers/STM32F7xx_HAL_Driver/Inc/stm32f7xx_hal_rcc.h Drivers/STM32F7xx_HAL_Driver/Inc/stm32f7xx_hal_def.h Drivers/CMSIS/Device/ST/STM32F7xx/Include/stm32f7xx.h Drivers/CMSIS/Device/ST/STM32F7xx/Include/stm32f767xx.h Drivers/CMSIS/Include/core_cm7.h Drivers/CMSIS/Include/cmsis_version.h Drivers/CMSIS/Include/cmsis_compiler.h Drivers/CMSIS/Include/cmsis_gcc.h Drivers/CMSIS/Include/mpu_armv7.h Drivers/CMSIS/Device/ST/STM32F7xx/Include/system_stm32f7xx.h Drivers/STM32F7xx_HAL_Driver/Inc/Legacy/stm32_hal_legacy.h Drivers/STM32F7xx_HAL_Driver/Inc/stm32f7xx_hal_rcc_ex.h Drivers/STM32F7xx_HAL_Driver/Inc/stm32f7xx_hal_exti.h Drivers/STM32F7xx_HAL_Driver/Inc/stm32f7xx_hal_gpio.h Drivers/STM32F7xx_HAL_Driver/Inc/stm32f7xx_hal_gpio_ex.h Drivers/STM32F7xx_HAL_Driver/Inc/stm32f7xx_hal_dma.h Drivers/STM32F7xx_HAL_Driver/Inc/stm32f7xx_hal_dma_ex.h Drivers/STM32F7xx_HAL_Driver/Inc/stm32f7xx_hal_cortex.h Drivers/STM32F7xx_HAL_Driver/Inc/stm32f7xx_hal_dac.h Drivers/STM32F7xx_HAL_Driver/Inc/stm32f7xx_hal_dac_ex.h Drivers/STM32F7xx_HAL_Driver/Inc/stm32f7xx_hal_flash.h Drivers/STM32F7xx_HAL_Driver/Inc/stm32f7xx_hal_flash_ex.h Drivers/STM32F7xx_HAL_Driver/Inc/stm32f7xx_hal_i2c.h Drivers/STM32F7xx_HAL_Driver/Inc/stm32f7xx_hal_i2c_ex.h Drivers/STM32F7xx_HAL_Driver/Inc/stm32f7xx_hal_pwr.h Drivers/STM32F7xx_HAL_Driver/Inc/stm32f7xx_hal_pwr_ex.h
#  Implicit rule search has not been done.
#  Modification time never checked.
#  File has not been updated.

build/stm32f7xx_hal_msp.o: Core/Src/stm32f7xx_hal_msp.c Core/Inc/main.h Drivers/STM32F7xx_HAL_Driver/Inc/stm32f7xx_hal.h Core/Inc/stm32f7xx_hal_conf.h Drivers/STM32F7xx_HAL_Driver/Inc/stm32f7xx_hal_rcc.h Drivers/STM32F7xx_HAL_Driver/Inc/stm32f7xx_hal_def.h Drivers/CMSIS/Device/ST/STM32F7xx/Include/stm32f7xx.h Drivers/CMSIS/Device/ST/STM32F7xx/Include/stm32f767xx.h Drivers/CMSIS/Include/core_cm7.h Drivers/CMSIS/Include/cmsis_version.h Drivers/CMSIS/Include/cmsis_compiler.h Drivers/CMSIS/Include/cmsis_gcc.h Drivers/CMSIS/Include/mpu_armv7.h Drivers/CMSIS/Device/ST/STM32F7xx/Include/system_stm32f7xx.h Drivers/STM32F7xx_HAL_Driver/Inc/Legacy/stm32_hal_legacy.h Drivers/STM32F7xx_HAL_Driver/Inc/stm32f7xx_hal_rcc_ex.h Drivers/STM32F7xx_HAL_Driver/Inc/stm32f7xx_hal_exti.h Drivers/STM32F7xx_HAL_Driver/Inc/stm32f7xx_hal_gpio.h Drivers/STM32F7xx_HAL_Driver/Inc/stm32f7xx_hal_gpio_ex.h Drivers/STM32F7xx_HAL_Driver/Inc/stm32f7xx_hal_dma.h Drivers/STM32F7xx_HAL_Driver/Inc/stm32f7xx_hal_dma_ex.h Drivers/STM32F7xx_HAL_Driver/Inc/stm32f7xx_hal_cortex.h Drivers/STM32F7xx_HAL_Driver/Inc/stm32f7xx_hal_dac.h Drivers/STM32F7xx_HAL_Driver/Inc/stm32f7xx_hal_dac_ex.h Drivers/STM32F7xx_HAL_Driver/Inc/stm32f7xx_hal_flash.h Drivers/STM32F7xx_HAL_Driver/Inc/stm32f7xx_hal_flash_ex.h Drivers/STM32F7xx_HAL_Driver/Inc/stm32f7xx_hal_i2c.h Drivers/STM32F7xx_HAL_Driver/Inc/stm32f7xx_hal_i2c_ex.h Drivers/STM32F7xx_HAL_Driver/Inc/stm32f7xx_hal_pwr.h Drivers/STM32F7xx_HAL_Driver/Inc/stm32f7xx_hal_pwr_ex.h
#  Implicit rule search has not been done.
#  Modification time never checked.
#  File has not been updated.

Drivers/STM32F7xx_HAL_Driver/Inc/stm32f7xx_hal_i2c_ex.h:
#  Implicit rule search has been done.
#  Last modified 2022-01-03 20:58:42
#  File has been updated.
#  Successfully updated.

build/stm32f7xx_hal_dma.o: Drivers/STM32F7xx_HAL_Driver/Src/stm32f7xx_hal_dma.c Drivers/STM32F7xx_HAL_Driver/Inc/stm32f7xx_hal.h Core/Inc/stm32f7xx_hal_conf.h Drivers/STM32F7xx_HAL_Driver/Inc/stm32f7xx_hal_rcc.h Drivers/STM32F7xx_HAL_Driver/Inc/stm32f7xx_hal_def.h Drivers/CMSIS/Device/ST/STM32F7xx/Include/stm32f7xx.h Drivers/CMSIS/Device/ST/STM32F7xx/Include/stm32f767xx.h Drivers/CMSIS/Include/core_cm7.h Drivers/CMSIS/Include/cmsis_version.h Drivers/CMSIS/Include/cmsis_compiler.h Drivers/CMSIS/Include/cmsis_gcc.h Drivers/CMSIS/Include/mpu_armv7.h Drivers/CMSIS/Device/ST/STM32F7xx/Include/system_stm32f7xx.h Drivers/STM32F7xx_HAL_Driver/Inc/Legacy/stm32_hal_legacy.h Drivers/STM32F7xx_HAL_Driver/Inc/stm32f7xx_hal_rcc_ex.h Drivers/STM32F7xx_HAL_Driver/Inc/stm32f7xx_hal_exti.h Drivers/STM32F7xx_HAL_Driver/Inc/stm32f7xx_hal_gpio.h Drivers/STM32F7xx_HAL_Driver/Inc/stm32f7xx_hal_gpio_ex.h Drivers/STM32F7xx_HAL_Driver/Inc/stm32f7xx_hal_dma.h Drivers/STM32F7xx_HAL_Driver/Inc/stm32f7xx_hal_dma_ex.h Drivers/STM32F7xx_HAL_Driver/Inc/stm32f7xx_hal_cortex.h Drivers/STM32F7xx_HAL_Driver/Inc/stm32f7xx_hal_dac.h Drivers/STM32F7xx_HAL_Driver/Inc/stm32f7xx_hal_dac_ex.h Drivers/STM32F7xx_HAL_Driver/Inc/stm32f7xx_hal_flash.h Drivers/STM32F7xx_HAL_Driver/Inc/stm32f7xx_hal_flash_ex.h Drivers/STM32F7xx_HAL_Driver/Inc/stm32f7xx_hal_i2c.h Drivers/STM32F7xx_HAL_Driver/Inc/stm32f7xx_hal_i2c_ex.h Drivers/STM32F7xx_HAL_Driver/Inc/stm32f7xx_hal_pwr.h Drivers/STM32F7xx_HAL_Driver/Inc/stm32f7xx_hal_pwr_ex.h
#  Implicit rule search has not been done.
#  Modification time never checked.
#  File has not been updated.

# Not a target:
build/dac.d:
#  Implicit rule search has been done.
#  Last modified 2022-03-03 19:12:31
#  File has been updated.
#  Successfully updated.

# Not a target:
build/dma.o:
#  Implicit rule search has not been done.
#  Modification time never checked.
#  File has not been updated.

# Not a target:
Drivers/STM32F7xx_HAL_Driver/Src/stm32f7xx_hal_pwr.c:
#  Implicit rule search has not been done.
#  Modification time never checked.
#  File has not been updated.

Drivers/CMSIS/Include/cmsis_gcc.h:
#  Implicit rule search has been done.
#  Last modified 2022-01-03 20:57:59
#  File has been updated.
#  Successfully updated.

Core/Inc/dac.h:
#  Implicit rule search has been done.
#  Last modified 2022-03-14 15:49:12
#  File has been updated.
#  Successfully updated.

Drivers/CMSIS/Device/ST/STM32F7xx/Include/stm32f7xx.h:
#  Implicit rule search has been done.
#  Last modified 2022-01-03 20:58:42
#  File has been updated.
#  Successfully updated.

# Not a target:
build/tim.o:
#  Implicit rule search has not been done.
#  Modification time never checked.
#  File has not been updated.

build/dac.o: Core/Src/dac.c Core/Inc/dac.h Core/Inc/main.h Drivers/STM32F7xx_HAL_Driver/Inc/stm32f7xx_hal.h Core/Inc/stm32f7xx_hal_conf.h Drivers/STM32F7xx_HAL_Driver/Inc/stm32f7xx_hal_rcc.h Drivers/STM32F7xx_HAL_Driver/Inc/stm32f7xx_hal_def.h Drivers/CMSIS/Device/ST/STM32F7xx/Include/stm32f7xx.h Drivers/CMSIS/Device/ST/STM32F7xx/Include/stm32f767xx.h Drivers/CMSIS/Include/core_cm7.h Drivers/CMSIS/Include/cmsis_version.h Drivers/CMSIS/Include/cmsis_compiler.h Drivers/CMSIS/Include/cmsis_gcc.h Drivers/CMSIS/Include/mpu_armv7.h Drivers/CMSIS/Device/ST/STM32F7xx/Include/system_stm32f7xx.h Drivers/STM32F7xx_HAL_Driver/Inc/Legacy/stm32_hal_legacy.h Drivers/STM32F7xx_HAL_Driver/Inc/stm32f7xx_hal_rcc_ex.h Drivers/STM32F7xx_HAL_Driver/Inc/stm32f7xx_hal_exti.h Drivers/STM32F7xx_HAL_Driver/Inc/stm32f7xx_hal_gpio.h Drivers/STM32F7xx_HAL_Driver/Inc/stm32f7xx_hal_gpio_ex.h Drivers/STM32F7xx_HAL_Driver/Inc/stm32f7xx_hal_dma.h Drivers/STM32F7xx_HAL_Driver/Inc/stm32f7xx_hal_dma_ex.h Drivers/STM32F7xx_HAL_Driver/Inc/stm32f7xx_hal_cortex.h Drivers/STM32F7xx_HAL_Driver/Inc/stm32f7xx_hal_dac.h Drivers/STM32F7xx_HAL_Driver/Inc/stm32f7xx_hal_dac_ex.h Drivers/STM32F7xx_HAL_Driver/Inc/stm32f7xx_hal_flash.h Drivers/STM32F7xx_HAL_Driver/Inc/stm32f7xx_hal_flash_ex.h Drivers/STM32F7xx_HAL_Driver/Inc/stm32f7xx_hal_i2c.h Drivers/STM32F7xx_HAL_Driver/Inc/stm32f7xx_hal_i2c_ex.h Drivers/STM32F7xx_HAL_Driver/Inc/stm32f7xx_hal_pwr.h Drivers/STM32F7xx_HAL_Driver/Inc/stm32f7xx_hal_pwr_ex.h
#  Implicit rule search has not been done.
#  Modification time never checked.
#  File has not been updated.

# Not a target:
Drivers/STM32F7xx_HAL_Driver/Src/stm32f7xx_hal_dma.c:
#  Implicit rule search has not been done.
#  Modification time never checked.
#  File has not been updated.

Drivers/STM32F7xx_HAL_Driver/Inc/Legacy/stm32_hal_legacy.h:
#  Implicit rule search has been done.
#  Last modified 2022-01-03 20:58:42
#  File has been updated.
#  Successfully updated.

Drivers/STM32F7xx_HAL_Driver/Inc/stm32f7xx_hal_flash.h:
#  Implicit rule search has been done.
#  Last modified 2022-01-03 20:58:42
#  File has been updated.
#  Successfully updated.

Drivers/STM32F7xx_HAL_Driver/Inc/stm32f7xx_hal_def.h:
#  Implicit rule search has been done.
#  Last modified 2022-01-03 20:58:42
#  File has been updated.
#  Successfully updated.

# Not a target:
Drivers/STM32F7xx_HAL_Driver/Src/stm32f7xx_hal.c:
#  Implicit rule search has not been done.
#  Modification time never checked.
#  File has not been updated.

# Not a target:
Core/Src/system_stm32f7xx.c:
#  Implicit rule search has not been done.
#  Modification time never checked.
#  File has not been updated.

# Not a target:
Drivers/STM32F7xx_HAL_Driver/Src/stm32f7xx_hal_i2c.c:
#  Implicit rule search has not been done.
#  Modification time never checked.
#  File has not been updated.

Drivers/STM32F7xx_HAL_Driver/Inc/stm32f7xx_hal_pwr_ex.h:
 
#  Implicit rule search has been done.
#  Last modified 2022-01-03 20:58:42
#  File has been updated.
#  Successfully updated.

build/main.o: Core/Src/main.c Makefile Core/Src/main.c Core/Inc/main.h Drivers/STM32F7xx_HAL_Driver/Inc/stm32f7xx_hal.h Core/Inc/stm32f7xx_hal_conf.h Drivers/STM32F7xx_HAL_Driver/Inc/stm32f7xx_hal_rcc.h Drivers/STM32F7xx_HAL_Driver/Inc/stm32f7xx_hal_def.h Drivers/CMSIS/Device/ST/STM32F7xx/Include/stm32f7xx.h Drivers/CMSIS/Device/ST/STM32F7xx/Include/stm32f767xx.h Drivers/CMSIS/Include/core_cm7.h Drivers/CMSIS/Include/cmsis_version.h Drivers/CMSIS/Include/cmsis_compiler.h Drivers/CMSIS/Include/cmsis_gcc.h Drivers/CMSIS/Include/mpu_armv7.h Drivers/CMSIS/Device/ST/STM32F7xx/Include/system_stm32f7xx.h Drivers/STM32F7xx_HAL_Driver/Inc/Legacy/stm32_hal_legacy.h Drivers/STM32F7xx_HAL_Driver/Inc/stm32f7xx_hal_rcc_ex.h Drivers/STM32F7xx_HAL_Driver/Inc/stm32f7xx_hal_exti.h Drivers/STM32F7xx_HAL_Driver/Inc/stm32f7xx_hal_gpio.h Drivers/STM32F7xx_HAL_Driver/Inc/stm32f7xx_hal_gpio_ex.h Drivers/STM32F7xx_HAL_Driver/Inc/stm32f7xx_hal_dma.h Drivers/STM32F7xx_HAL_Driver/Inc/stm32f7xx_hal_dma_ex.h Drivers/STM32F7xx_HAL_Driver/Inc/stm32f7xx_hal_cortex.h Drivers/STM32F7xx_HAL_Driver/Inc/stm32f7xx_hal_dac.h Drivers/STM32F7xx_HAL_Driver/Inc/stm32f7xx_hal_dac_ex.h Drivers/STM32F7xx_HAL_Driver/Inc/stm32f7xx_hal_flash.h Drivers/STM32F7xx_HAL_Driver/Inc/stm32f7xx_hal_flash_ex.h Drivers/STM32F7xx_HAL_Driver/Inc/stm32f7xx_hal_i2c.h Drivers/STM32F7xx_HAL_Driver/Inc/stm32f7xx_hal_i2c_ex.h Drivers/STM32F7xx_HAL_Driver/Inc/stm32f7xx_hal_pwr.h Drivers/STM32F7xx_HAL_Driver/Inc/stm32f7xx_hal_pwr_ex.h Core/Inc/dac.h Core/Inc/main.h Core/Inc/gpio.h | build
#  Implicit rule search has been done.
#  Implicit/static pattern stem: 'main'
#  Last modified 2022-03-03 19:29:02
#  File has been updated.
#  Needs to be updated (-q is set).
# automatic
# @ := build/main.o
# automatic
# * := main
# automatic
# < := Core/Src/main.c
# automatic
# + := Core/Src/main.c Makefile Core/Src/main.c Core/Inc/main.h Drivers/STM32F7xx_HAL_Driver/Inc/stm32f7xx_hal.h Core/Inc/stm32f7xx_hal_conf.h Drivers/STM32F7xx_HAL_Driver/Inc/stm32f7xx_hal_rcc.h Drivers/STM32F7xx_HAL_Driver/Inc/stm32f7xx_hal_def.h Drivers/CMSIS/Device/ST/STM32F7xx/Include/stm32f7xx.h Drivers/CMSIS/Device/ST/STM32F7xx/Include/stm32f767xx.h Drivers/CMSIS/Include/core_cm7.h Drivers/CMSIS/Include/cmsis_version.h Drivers/CMSIS/Include/cmsis_compiler.h Drivers/CMSIS/Include/cmsis_gcc.h Drivers/CMSIS/Include/mpu_armv7.h Drivers/CMSIS/Device/ST/STM32F7xx/Include/system_stm32f7xx.h Drivers/STM32F7xx_HAL_Driver/Inc/Legacy/stm32_hal_legacy.h Drivers/STM32F7xx_HAL_Driver/Inc/stm32f7xx_hal_rcc_ex.h Drivers/STM32F7xx_HAL_Driver/Inc/stm32f7xx_hal_exti.h Drivers/STM32F7xx_HAL_Driver/Inc/stm32f7xx_hal_gpio.h Drivers/STM32F7xx_HAL_Driver/Inc/stm32f7xx_hal_gpio_ex.h Drivers/STM32F7xx_HAL_Driver/Inc/stm32f7xx_hal_dma.h Drivers/STM32F7xx_HAL_Driver/Inc/stm32f7xx_hal_dma_ex.h Drivers/STM32F7xx_HAL_Driver/Inc/stm32f7xx_hal_cortex.h Drivers/STM32F7xx_HAL_Driver/Inc/stm32f7xx_hal_dac.h Drivers/STM32F7xx_HAL_Driver/Inc/stm32f7xx_hal_dac_ex.h Drivers/STM32F7xx_HAL_Driver/Inc/stm32f7xx_hal_flash.h Drivers/STM32F7xx_HAL_Driver/Inc/stm32f7xx_hal_flash_ex.h Drivers/STM32F7xx_HAL_Driver/Inc/stm32f7xx_hal_i2c.h Drivers/STM32F7xx_HAL_Driver/Inc/stm32f7xx_hal_i2c_ex.h Drivers/STM32F7xx_HAL_Driver/Inc/stm32f7xx_hal_pwr.h Drivers/STM32F7xx_HAL_Driver/Inc/stm32f7xx_hal_pwr_ex.h Core/Inc/dac.h Core/Inc/main.h Core/Inc/gpio.h
# automatic
# % := 
# automatic
# ^ := Core/Src/main.c Makefile Core/Inc/main.h Drivers/STM32F7xx_HAL_Driver/Inc/stm32f7xx_hal.h Core/Inc/stm32f7xx_hal_conf.h Drivers/STM32F7xx_HAL_Driver/Inc/stm32f7xx_hal_rcc.h Drivers/STM32F7xx_HAL_Driver/Inc/stm32f7xx_hal_def.h Drivers/CMSIS/Device/ST/STM32F7xx/Include/stm32f7xx.h Drivers/CMSIS/Device/ST/STM32F7xx/Include/stm32f767xx.h Drivers/CMSIS/Include/core_cm7.h Drivers/CMSIS/Include/cmsis_version.h Drivers/CMSIS/Include/cmsis_compiler.h Drivers/CMSIS/Include/cmsis_gcc.h Drivers/CMSIS/Include/mpu_armv7.h Drivers/CMSIS/Device/ST/STM32F7xx/Include/system_stm32f7xx.h Drivers/STM32F7xx_HAL_Driver/Inc/Legacy/stm32_hal_legacy.h Drivers/STM32F7xx_HAL_Driver/Inc/stm32f7xx_hal_rcc_ex.h Drivers/STM32F7xx_HAL_Driver/Inc/stm32f7xx_hal_exti.h Drivers/STM32F7xx_HAL_Driver/Inc/stm32f7xx_hal_gpio.h Drivers/STM32F7xx_HAL_Driver/Inc/stm32f7xx_hal_gpio_ex.h Drivers/STM32F7xx_HAL_Driver/Inc/stm32f7xx_hal_dma.h Drivers/STM32F7xx_HAL_Driver/Inc/stm32f7xx_hal_dma_ex.h Drivers/STM32F7xx_HAL_Driver/Inc/stm32f7xx_hal_cortex.h Drivers/STM32F7xx_HAL_Driver/Inc/stm32f7xx_hal_dac.h Drivers/STM32F7xx_HAL_Driver/Inc/stm32f7xx_hal_dac_ex.h Drivers/STM32F7xx_HAL_Driver/Inc/stm32f7xx_hal_flash.h Drivers/STM32F7xx_HAL_Driver/Inc/stm32f7xx_hal_flash_ex.h Drivers/STM32F7xx_HAL_Driver/Inc/stm32f7xx_hal_i2c.h Drivers/STM32F7xx_HAL_Driver/Inc/stm32f7xx_hal_i2c_ex.h Drivers/STM32F7xx_HAL_Driver/Inc/stm32f7xx_hal_pwr.h Drivers/STM32F7xx_HAL_Driver/Inc/stm32f7xx_hal_pwr_ex.h Core/Inc/dac.h Core/Inc/gpio.h
# automatic
# ? := Core/Src/main.c Makefile Core/Inc/main.h Core/Inc/stm32f7xx_hal_conf.h Core/Inc/dac.h Core/Inc/gpio.h
# automatic
# | := build
# variable set hash-table stats:
# Load=8/32=25%, Rehash=0, Collisions=4/26=15%
#  recipe to execute (from 'Makefile', line 168):
	$(CC) -c $(CFLAGS) -Wa,-a,-ad,-alms=$(BUILD_DIR)/$(notdir $(<:.c=.lst)) $< -o $@

# Not a target:
Drivers/STM32F7xx_HAL_Driver/Src/stm32f7xx_hal_tim.c:
#  Implicit rule search has not been done.
#  Modification time never checked.
#  File has not been updated.

# Not a target:
Drivers/STM32F7xx_HAL_Driver/Src/stm32f7xx_hal_pwr_ex.c:
#  Implicit rule search has not been done.
#  Modification time never checked.
#  File has not been updated.

build/stm32f7xx_hal_exti.o: Drivers/STM32F7xx_HAL_Driver/Src/stm32f7xx_hal_exti.c Drivers/STM32F7xx_HAL_Driver/Inc/stm32f7xx_hal.h Core/Inc/stm32f7xx_hal_conf.h Drivers/STM32F7xx_HAL_Driver/Inc/stm32f7xx_hal_rcc.h Drivers/STM32F7xx_HAL_Driver/Inc/stm32f7xx_hal_def.h Drivers/CMSIS/Device/ST/STM32F7xx/Include/stm32f7xx.h Drivers/CMSIS/Device/ST/STM32F7xx/Include/stm32f767xx.h Drivers/CMSIS/Include/core_cm7.h Drivers/CMSIS/Include/cmsis_version.h Drivers/CMSIS/Include/cmsis_compiler.h Drivers/CMSIS/Include/cmsis_gcc.h Drivers/CMSIS/Include/mpu_armv7.h Drivers/CMSIS/Device/ST/STM32F7xx/Include/system_stm32f7xx.h Drivers/STM32F7xx_HAL_Driver/Inc/Legacy/stm32_hal_legacy.h Drivers/STM32F7xx_HAL_Driver/Inc/stm32f7xx_hal_rcc_ex.h Drivers/STM32F7xx_HAL_Driver/Inc/stm32f7xx_hal_exti.h Drivers/STM32F7xx_HAL_Driver/Inc/stm32f7xx_hal_gpio.h Drivers/STM32F7xx_HAL_Driver/Inc/stm32f7xx_hal_gpio_ex.h Drivers/STM32F7xx_HAL_Driver/Inc/stm32f7xx_hal_dma.h Drivers/STM32F7xx_HAL_Driver/Inc/stm32f7xx_hal_dma_ex.h Drivers/STM32F7xx_HAL_Driver/Inc/stm32f7xx_hal_cortex.h Drivers/STM32F7xx_HAL_Driver/Inc/stm32f7xx_hal_dac.h Drivers/STM32F7xx_HAL_Driver/Inc/stm32f7xx_hal_dac_ex.h Drivers/STM32F7xx_HAL_Driver/Inc/stm32f7xx_hal_flash.h Drivers/STM32F7xx_HAL_Driver/Inc/stm32f7xx_hal_flash_ex.h Drivers/STM32F7xx_HAL_Driver/Inc/stm32f7xx_hal_i2c.h Drivers/STM32F7xx_HAL_Driver/Inc/stm32f7xx_hal_i2c_ex.h Drivers/STM32F7xx_HAL_Driver/Inc/stm32f7 
xx_hal_pwr.h Drivers/STM32F7xx_HAL_Driver/Inc/stm32f7xx_hal_pwr_ex.h
#  Implicit rule search has not been done.
#  Modification time never checked.
#  File has not been updated.

# Not a target:
build/f767zit6_laser.hex:
#  Implicit rule search has not been done.
#  Modification time never checked.
#  File has not been updated.

Drivers/CMSIS/Include/cmsis_version.h:
#  Implicit rule search has been done.
#  Last modified 2022-01-03 20:57:59
#  File has been updated.
#  Successfully updated.

# Not a target:
Core/Src/dac.c:
#  Implicit rule search has not been done.
#  Modification time never checked.
#  File has not been updated.

# Not a target:
build/stm32f7xx_hal_rcc_ex.d:
#  Implicit rule search has been done.
#  Last modified 2022-03-03 19:12:31
#  File has been updated.
#  Successfully updated.

# Not a target:
Drivers/STM32F7xx_HAL_Driver/Src/stm32f7xx_hal_dac_ex.c:
#  Implicit rule search has not been done.
#  Modification time never checked.
#  File has not been updated.

# Not a target:
build/startup_stm32f767xx.d:
#  Implicit rule search has been done.
#  Last modified 2022-03-03 19:12:31
#  File has been updated.
#  Successfully updated.

# files hash-table stats:
# Load=118/1024=12%, Rehash=0, Collisions=168/1616=10%
# VPATH Search Paths

vpath %.c Core/Src;Drivers/STM32F7xx_HAL_Driver/Src

# 1 'vpath' search paths.

# No general ('VPATH' variable) search path.

# strcache buffers: 1 (0) / strings = 217 / storage = 5818 B / avg = 26 B
# current buf: size = 8174 B / used = 5818 B / count = 217 / avg = 26 B

# strcache performance: lookups = 2343 / hit rate = 90%
# hash-table stats:
# Load=217/8192=3%, Rehash=0, Collisions=80/2343=3%
# Finished Make data base on Mon Mar 14 15:49:49 2022

 
